#
# There is insufficient memory for the Java Runtime Environment to continue.
# Native memory allocation (malloc) failed to allocate 1596336 bytes for Chunk::new
# Possible reasons:
#   The system is out of physical RAM or swap space
#   In 32 bit mode, the process size limit was hit
# Possible solutions:
#   Reduce memory load on the system
#   Increase physical memory or swap space
#   Check if swap backing store is full
#   Use 64 bit Java on a 64 bit OS
#   Decrease Java heap size (-Xmx/-Xms)
#   Decrease number of Java threads
#   Decrease Java thread stack sizes (-Xss)
#   Set larger code cache with -XX:ReservedCodeCacheSize=
# This output file may be truncated or incomplete.
#
#  Out of Memory Error (allocation.cpp:390), pid=7420, tid=0x0000000000000638
#
# JRE version: Java(TM) SE Runtime Environment (8.0_111-b14) (build 1.8.0_111-b14)
# Java VM: Java HotSpot(TM) 64-Bit Server VM (25.111-b14 mixed mode windows-amd64 compressed oops)
# Failed to write core dump. Minidumps are not enabled by default on client versions of Windows
#

---------------  T H R E A D  ---------------

Current thread (0x00000000177d4800):  JavaThread "C2 CompilerThread1" daemon [_thread_in_native, id=1592, stack(0x0000000018f50000,0x0000000019050000)]

Stack: [0x0000000018f50000,0x0000000019050000]
[error occurred during error reporting (printing stack bounds), id 0xc0000005]

Native frames: (J=compiled Java code, j=interpreted, Vv=VM code, C=native code)


Current CompileTask:
C2:  18681 3721       4       com.sun.tools.javac.file.ZipFileIndex$ZipDirectory::readEntry (587 bytes)


---------------  P R O C E S S  ---------------

Java Threads: ( => current thread )
  0x000000001782d800 JavaThread "Service Thread" daemon [_thread_blocked, id=5596, stack(0x0000000019550000,0x0000000019650000)]
  0x0000000019058800 JavaThread "C1 CompilerThread2" daemon [_thread_blocked, id=14944, stack(0x0000000019450000,0x0000000019550000)]
=>0x00000000177d4800 JavaThread "C2 CompilerThread1" daemon [_thread_in_native, id=1592, stack(0x0000000018f50000,0x0000000019050000)]
  0x00000000177d1800 JavaThread "C2 CompilerThread0" daemon [_thread_in_native, id=3784, stack(0x0000000018e50000,0x0000000018f50000)]
  0x00000000177cf000 JavaThread "Attach Listener" daemon [_thread_blocked, id=5732, stack(0x0000000018d50000,0x0000000018e50000)]
  0x00000000177cc000 JavaThread "Signal Dispatcher" daemon [_thread_blocked, id=7196, stack(0x0000000018c50000,0x0000000018d50000)]
  0x0000000002c76000 JavaThread "Finalizer" daemon [_thread_blocked, id=12696, stack(0x0000000018a20000,0x0000000018b20000)]
  0x0000000002c71000 JavaThread "Reference Handler" daemon [_thread_blocked, id=3584, stack(0x0000000018920000,0x0000000018a20000)]
  0x000000000110e800 JavaThread "main" [_thread_in_Java, id=2940, stack(0x0000000002a80000,0x0000000002b80000)]

Other Threads:
  0x0000000017797800 VMThread [stack: 0x0000000018820000,0x0000000018920000] [id=1480]
  0x000000001907e800 WatcherThread [stack: 0x0000000019650000,0x0000000019750000] [id=8372]

VM state:not at safepoint (normal execution)

VM Mutex/Monitor currently owned by a thread: None

Heap:
 PSYoungGen      total 146944K, used 86972K [0x00000000d5d80000, 0x00000000dfa80000, 0x0000000100000000)
  eden space 133120K, 65% used [0x00000000d5d80000,0x00000000db26f298,0x00000000ddf80000)
  from space 13824K, 0% used [0x00000000ddf80000,0x00000000ddf80000,0x00000000ded00000)
  to   space 13824K, 0% used [0x00000000ded00000,0x00000000ded00000,0x00000000dfa80000)
 ParOldGen       total 79360K, used 22246K [0x0000000081800000, 0x0000000086580000, 0x00000000d5d80000)
  object space 79360K, 28% used [0x0000000081800000,0x0000000082db9b50,0x0000000086580000)
 Metaspace       used 22089K, capacity 22600K, committed 22704K, reserved 1069056K
  class space    used 2590K, capacity 2714K, committed 2736K, reserved 1048576K

Card table byte_map: [0x0000000012040000,0x0000000012440000] byte_map_base: 0x0000000011c34000

Marking Bits: (ParMarkBitMap*) 0x000000005680a6c0
 Begin Bits: [0x0000000012af0000, 0x0000000014a90000)
 End Bits:   [0x0000000014a90000, 0x0000000016a30000)

Polling page: 0x00000000010c0000

CodeCache: size=245760Kb used=12129Kb max_used=12142Kb free=233630Kb
 bounds [0x0000000002c80000, 0x0000000003870000, 0x0000000011c80000]
 total_blobs=3795 nmethods=3391 adapters=316
 compilation: enabled

Compilation events (10 events):
Event: 18.527 Thread 0x0000000019058800 3753       3       java.util.ComparableTimSort::reverseRange (32 bytes)
Event: 18.527 Thread 0x0000000019058800 nmethod 3753 0x0000000003861310 code [0x00000000038614a0, 0x0000000003861930]
Event: 18.548 Thread 0x00000000177d1800 nmethod 3747 0x0000000003866010 code [0x00000000038661c0, 0x0000000003867218]
Event: 18.548 Thread 0x00000000177d1800 3754       4       java.util.ComparableTimSort::countRunAndMakeAscending (123 bytes)
Event: 18.584 Thread 0x00000000177d1800 nmethod 3754 0x0000000003864150 code [0x0000000003864300, 0x00000000038654d8]
Event: 18.584 Thread 0x00000000177d1800 3748       4       java.util.ComparableTimSort::pushRun (31 bytes)
Event: 18.585 Thread 0x00000000177d1800 nmethod 3748 0x00000000038565d0 code [0x0000000003856720, 0x0000000003856818]
Event: 18.645 Thread 0x00000000177d1800 3755       4       java.util.LinkedHashMap::afterNodeInsertion (40 bytes)
Event: 18.648 Thread 0x00000000177d1800 nmethod 3755 0x0000000003863cd0 code [0x0000000003863e20, 0x0000000003863fa8]
Event: 18.658 Thread 0x00000000177d1800 3756       4       java.util.ComparableTimSort::mergeHi (729 bytes)

GC Heap History (10 events):
Event: 8.392 GC heap before
{Heap before GC invocations=4 (full 0):
 PSYoungGen      total 38400K, used 38384K [0x00000000d5d80000, 0x00000000da880000, 0x0000000100000000)
  eden space 33280K, 100% used [0x00000000d5d80000,0x00000000d7e00000,0x00000000d7e00000)
  from space 5120K, 99% used [0x00000000d7e00000,0x00000000d82fc030,0x00000000d8300000)
  to   space 5120K, 0% used [0x00000000da380000,0x00000000da380000,0x00000000da880000)
 ParOldGen       total 87552K, used 5563K [0x0000000081800000, 0x0000000086d80000, 0x00000000d5d80000)
  object space 87552K, 6% used [0x0000000081800000,0x0000000081d6ef28,0x0000000086d80000)
 Metaspace       used 15530K, capacity 15852K, committed 16128K, reserved 1062912K
  class space    used 1864K, capacity 1980K, committed 2048K, reserved 1048576K
Event: 8.527 GC heap after
Heap after GC invocations=4 (full 0):
 PSYoungGen      total 71680K, used 5088K [0x00000000d5d80000, 0x00000000da880000, 0x0000000100000000)
  eden space 66560K, 0% used [0x00000000d5d80000,0x00000000d5d80000,0x00000000d9e80000)
  from space 5120K, 99% used [0x00000000da380000,0x00000000da878020,0x00000000da880000)
  to   space 5120K, 0% used [0x00000000d9e80000,0x00000000d9e80000,0x00000000da380000)
 ParOldGen       total 87552K, used 10039K [0x0000000081800000, 0x0000000086d80000, 0x00000000d5d80000)
  object space 87552K, 11% used [0x0000000081800000,0x00000000821cdfb0,0x0000000086d80000)
 Metaspace       used 15530K, capacity 15852K, committed 16128K, reserved 1062912K
  class space    used 1864K, capacity 1980K, committed 2048K, reserved 1048576K
}
Event: 11.836 GC heap before
{Heap before GC invocations=5 (full 0):
 PSYoungGen      total 71680K, used 71648K [0x00000000d5d80000, 0x00000000da880000, 0x0000000100000000)
  eden space 66560K, 100% used [0x00000000d5d80000,0x00000000d9e80000,0x00000000d9e80000)
  from space 5120K, 99% used [0x00000000da380000,0x00000000da878020,0x00000000da880000)
  to   space 5120K, 0% used [0x00000000d9e80000,0x00000000d9e80000,0x00000000da380000)
 ParOldGen       total 87552K, used 10039K [0x0000000081800000, 0x0000000086d80000, 0x00000000d5d80000)
  object space 87552K, 11% used [0x0000000081800000,0x00000000821cdfb0,0x0000000086d80000)
 Metaspace       used 16047K, capacity 16400K, committed 16640K, reserved 1064960K
  class space    used 1869K, capacity 1986K, committed 2048K, reserved 1048576K
Event: 11.897 GC heap after
Heap after GC invocations=5 (full 0):
 PSYoungGen      total 71680K, used 5104K [0x00000000d5d80000, 0x00000000dfa80000, 0x0000000100000000)
  eden space 66560K, 0% used [0x00000000d5d80000,0x00000000d5d80000,0x00000000d9e80000)
  from space 5120K, 99% used [0x00000000d9e80000,0x00000000da37c030,0x00000000da380000)
  to   space 13824K, 0% used [0x00000000ded00000,0x00000000ded00000,0x00000000dfa80000)
 ParOldGen       total 87552K, used 18296K [0x0000000081800000, 0x0000000086d80000, 0x00000000d5d80000)
  object space 87552K, 20% used [0x0000000081800000,0x00000000829de128,0x0000000086d80000)
 Metaspace       used 16047K, capacity 16400K, committed 16640K, reserved 1064960K
  class space    used 1869K, capacity 1986K, committed 2048K, reserved 1048576K
}
Event: 14.972 GC heap before
{Heap before GC invocations=6 (full 0):
 PSYoungGen      total 71680K, used 71483K [0x00000000d5d80000, 0x00000000dfa80000, 0x0000000100000000)
  eden space 66560K, 99% used [0x00000000d5d80000,0x00000000d9e52f40,0x00000000d9e80000)
  from space 5120K, 99% used [0x00000000d9e80000,0x00000000da37c030,0x00000000da380000)
  to   space 13824K, 0% used [0x00000000ded00000,0x00000000ded00000,0x00000000dfa80000)
 ParOldGen       total 87552K, used 18296K [0x0000000081800000, 0x0000000086d80000, 0x00000000d5d80000)
  object space 87552K, 20% used [0x0000000081800000,0x00000000829de128,0x0000000086d80000)
 Metaspace       used 17506K, capacity 17960K, committed 18048K, reserved 1064960K
  class space    used 2004K, capacity 2122K, committed 2176K, reserved 1048576K
Event: 15.038 GC heap after
Heap after GC invocations=6 (full 0):
 PSYoungGen      total 146944K, used 9907K [0x00000000d5d80000, 0x00000000dfa80000, 0x0000000100000000)
  eden space 133120K, 0% used [0x00000000d5d80000,0x00000000d5d80000,0x00000000ddf80000)
  from space 13824K, 71% used [0x00000000ded00000,0x00000000df6acfa8,0x00000000dfa80000)
  to   space 13824K, 0% used [0x00000000ddf80000,0x00000000ddf80000,0x00000000ded00000)
 ParOldGen       total 87552K, used 25976K [0x0000000081800000, 0x0000000086d80000, 0x00000000d5d80000)
  object space 87552K, 29% used [0x0000000081800000,0x000000008315e138,0x0000000086d80000)
 Metaspace       used 17506K, capacity 17960K, committed 18048K, reserved 1064960K
  class space    used 2004K, capacity 2122K, committed 2176K, reserved 1048576K
}
Event: 16.402 GC heap before
{Heap before GC invocations=7 (full 0):
 PSYoungGen      total 146944K, used 69893K [0x00000000d5d80000, 0x00000000dfa80000, 0x0000000100000000)
  eden space 133120K, 45% used [0x00000000d5d80000,0x00000000d9814718,0x00000000ddf80000)
  from space 13824K, 71% used [0x00000000ded00000,0x00000000df6acfa8,0x00000000dfa80000)
  to   space 13824K, 0% used [0x00000000ddf80000,0x00000000ddf80000,0x00000000ded00000)
 ParOldGen       total 87552K, used 25976K [0x0000000081800000, 0x0000000086d80000, 0x00000000d5d80000)
  object space 87552K, 29% used [0x0000000081800000,0x000000008315e138,0x0000000086d80000)
 Metaspace       used 20772K, capacity 21256K, committed 21296K, reserved 1069056K
  class space    used 2446K, capacity 2586K, committed 2608K, reserved 1048576K
Event: 16.442 GC heap after
Heap after GC invocations=7 (full 0):
 PSYoungGen      total 146944K, used 9047K [0x00000000d5d80000, 0x00000000dfa80000, 0x0000000100000000)
  eden space 133120K, 0% used [0x00000000d5d80000,0x00000000d5d80000,0x00000000ddf80000)
  from space 13824K, 65% used [0x00000000ddf80000,0x00000000de855e88,0x00000000ded00000)
  to   space 13824K, 0% used [0x00000000ded00000,0x00000000ded00000,0x00000000dfa80000)
 ParOldGen       total 87552K, used 27419K [0x0000000081800000, 0x0000000086d80000, 0x00000000d5d80000)
  object space 87552K, 31% used [0x0000000081800000,0x00000000832c6c48,0x0000000086d80000)
 Metaspace       used 20772K, capacity 21256K, committed 21296K, reserved 1069056K
  class space    used 2446K, capacity 2586K, committed 2608K, reserved 1048576K
}
Event: 16.442 GC heap before
{Heap before GC invocations=8 (full 1):
 PSYoungGen      total 146944K, used 9047K [0x00000000d5d80000, 0x00000000dfa80000, 0x0000000100000000)
  eden space 133120K, 0% used [0x00000000d5d80000,0x00000000d5d80000,0x00000000ddf80000)
  from space 13824K, 65% used [0x00000000ddf80000,0x00000000de855e88,0x00000000ded00000)
  to   space 13824K, 0% used [0x00000000ded00000,0x00000000ded00000,0x00000000dfa80000)
 ParOldGen       total 87552K, used 27419K [0x0000000081800000, 0x0000000086d80000, 0x00000000d5d80000)
  object space 87552K, 31% used [0x0000000081800000,0x00000000832c6c48,0x0000000086d80000)
 Metaspace       used 20772K, capacity 21256K, committed 21296K, reserved 1069056K
  class space    used 2446K, capacity 2586K, committed 2608K, reserved 1048576K
Event: 16.705 GC heap after
Heap after GC invocations=8 (full 1):
 PSYoungGen      total 146944K, used 0K [0x00000000d5d80000, 0x00000000dfa80000, 0x0000000100000000)
  eden space 133120K, 0% used [0x00000000d5d80000,0x00000000d5d80000,0x00000000ddf80000)
  from space 13824K, 0% used [0x00000000ddf80000,0x00000000ddf80000,0x00000000ded00000)
  to   space 13824K, 0% used [0x00000000ded00000,0x00000000ded00000,0x00000000dfa80000)
 ParOldGen       total 79360K, used 22246K [0x0000000081800000, 0x0000000086580000, 0x00000000d5d80000)
  object space 79360K, 28% used [0x0000000081800000,0x0000000082db9b50,0x0000000086580000)
 Metaspace       used 20772K, capacity 21256K, committed 21296K, reserved 1069056K
  class space    used 2446K, capacity 2586K, committed 2608K, reserved 1048576K
}

Deoptimization events (10 events):
Event: 18.302 Thread 0x000000000110e800 Uncommon trap: reason=array_check action=maybe_recompile pc=0x000000000326f38c method=java.util.ComparableTimSort.binarySort([Ljava/lang/Object;III)V @ 193
Event: 18.302 Thread 0x000000000110e800 Uncommon trap: reason=array_check action=maybe_recompile pc=0x000000000326f41c method=java.util.ComparableTimSort.binarySort([Ljava/lang/Object;III)V @ 183
Event: 18.310 Thread 0x000000000110e800 Uncommon trap: reason=array_check action=maybe_recompile pc=0x000000000326f2e4 method=java.util.ComparableTimSort.binarySort([Ljava/lang/Object;III)V @ 215
Event: 18.368 Thread 0x000000000110e800 Uncommon trap: reason=predicate action=maybe_recompile pc=0x0000000003859da0 method=java.util.ComparableTimSort.reverseRange([Ljava/lang/Object;II)V @ 8
Event: 18.431 Thread 0x000000000110e800 Uncommon trap: reason=array_check action=maybe_recompile pc=0x000000000385b7f0 method=java.util.ComparableTimSort.reverseRange([Ljava/lang/Object;II)V @ 20
Event: 18.432 Thread 0x000000000110e800 Uncommon trap: reason=array_check action=maybe_recompile pc=0x000000000385b7f0 method=java.util.ComparableTimSort.reverseRange([Ljava/lang/Object;II)V @ 20
Event: 18.432 Thread 0x000000000110e800 Uncommon trap: reason=array_check action=maybe_recompile pc=0x000000000385b7f0 method=java.util.ComparableTimSort.reverseRange([Ljava/lang/Object;II)V @ 20
Event: 18.432 Thread 0x000000000110e800 Uncommon trap: reason=array_check action=maybe_recompile pc=0x000000000385b7f0 method=java.util.ComparableTimSort.reverseRange([Ljava/lang/Object;II)V @ 20
Event: 18.519 Thread 0x000000000110e800 Uncommon trap: reason=array_check action=maybe_recompile pc=0x000000000386293c method=java.util.ComparableTimSort.reverseRange([Ljava/lang/Object;II)V @ 27
Event: 18.520 Thread 0x000000000110e800 Uncommon trap: reason=array_check action=maybe_recompile pc=0x000000000386293c method=java.util.ComparableTimSort.reverseRange([Ljava/lang/Object;II)V @ 27

Internal exceptions (10 events):
Event: 7.051 Thread 0x000000000110e800 Implicit null exception at 0x000000000321e690 to 0x000000000321ef4d
Event: 7.051 Thread 0x000000000110e800 Implicit null exception at 0x0000000002ef67d5 to 0x0000000002ef69ad
Event: 7.051 Thread 0x000000000110e800 Implicit null exception at 0x0000000002ff789b to 0x0000000002ff7d0d
Event: 7.390 Thread 0x000000000110e800 Implicit null exception at 0x00000000033fd0a7 to 0x00000000033fe3b9
Event: 8.634 Thread 0x000000000110e800 Implicit null exception at 0x00000000034dabe0 to 0x00000000034db15d
Event: 12.564 Thread 0x000000000110e800 Implicit null exception at 0x0000000002f63f2f to 0x0000000002f63f99
Event: 14.670 Thread 0x000000000110e800 Implicit null exception at 0x000000000353dafd to 0x000000000353df25
Event: 15.665 Thread 0x000000000110e800 Exception <a 'java/lang/ClassNotFoundException': com/sun/tools/javac/api/JavacTool> (0x00000000d8c4bab0) thrown at [C:\re\workspace\8-2-build-windows-amd64-cygwin\jdk8u111\7883\hotspot\src\share\vm\classfile\systemDictionary.cpp, line 210]
Event: 18.048 Thread 0x000000000110e800 Exception <a 'java/io/FileNotFoundException'> (0x00000000d9db0028) thrown at [C:\re\workspace\8-2-build-windows-amd64-cygwin\jdk8u111\7883\hotspot\src\share\vm\prims\jni.cpp, line 709]
Event: 18.061 Thread 0x000000000110e800 Exception <a 'java/io/FileNotFoundException'> (0x00000000d9de4430) thrown at [C:\re\workspace\8-2-build-windows-amd64-cygwin\jdk8u111\7883\hotspot\src\share\vm\prims\jni.cpp, line 709]

Events (10 events):
Event: 18.651 Thread 0x000000000110e800 DEOPT PACKING pc=0x000000000341c772 sp=0x0000000002b7c9a0
Event: 18.651 Thread 0x000000000110e800 DEOPT UNPACKING pc=0x0000000002cc787f sp=0x0000000002b7c7a8 mode 0
Event: 18.653 Thread 0x000000000110e800 DEOPT PACKING pc=0x000000000341c772 sp=0x0000000002b7c9a0
Event: 18.653 Thread 0x000000000110e800 DEOPT UNPACKING pc=0x0000000002cc787f sp=0x0000000002b7c7a8 mode 0
Event: 18.668 Thread 0x000000000110e800 DEOPT PACKING pc=0x000000000341c772 sp=0x0000000002b7c9a0
Event: 18.668 Thread 0x000000000110e800 DEOPT UNPACKING pc=0x0000000002cc787f sp=0x0000000002b7c7a8 mode 0
Event: 18.669 Thread 0x000000000110e800 DEOPT PACKING pc=0x000000000341c772 sp=0x0000000002b7c9a0
Event: 18.669 Thread 0x000000000110e800 DEOPT UNPACKING pc=0x0000000002cc787f sp=0x0000000002b7c7a8 mode 0
Event: 18.669 Thread 0x000000000110e800 DEOPT PACKING pc=0x000000000341c772 sp=0x0000000002b7c9a0
Event: 18.669 Thread 0x000000000110e800 DEOPT UNPACKING pc=0x0000000002cc787f sp=0x0000000002b7c7a8 mode 0


Dynamic libraries:
0x00007ff6d4380000 - 0x00007ff6d43b7000 	C:\Program Files\Java\jdk1.8.0_111\bin\java.exe
0x00007ffbb92f0000 - 0x00007ffbb94e8000 	C:\Windows\SYSTEM32\ntdll.dll
0x00007ffbb7ed0000 - 0x00007ffbb7f8d000 	C:\Windows\System32\KERNEL32.DLL
0x00007ffbb6c60000 - 0x00007ffbb6f32000 	C:\Windows\System32\KERNELBASE.dll
0x00007ffbb7b20000 - 0x00007ffbb7bce000 	C:\Windows\System32\ADVAPI32.dll
0x00007ffbb7a30000 - 0x00007ffbb7ace000 	C:\Windows\System32\msvcrt.dll
0x00007ffbb8b00000 - 0x00007ffbb8b9c000 	C:\Windows\System32\sechost.dll
0x00007ffbb7cd0000 - 0x00007ffbb7df5000 	C:\Windows\System32\RPCRT4.dll
0x00007ffbb7860000 - 0x00007ffbb79fd000 	C:\Windows\System32\USER32.dll
0x00007ffbb6c30000 - 0x00007ffbb6c52000 	C:\Windows\System32\win32u.dll
0x00007ffbb7ad0000 - 0x00007ffbb7afb000 	C:\Windows\System32\GDI32.dll
0x00007ffbb71f0000 - 0x00007ffbb72ff000 	C:\Windows\System32\gdi32full.dll
0x00007ffbb70a0000 - 0x00007ffbb713d000 	C:\Windows\System32\msvcp_win.dll
0x00007ffbb6a00000 - 0x00007ffbb6b00000 	C:\Windows\System32\ucrtbase.dll
0x00007ffba64b0000 - 0x00007ffba674a000 	C:\Windows\WinSxS\amd64_microsoft.windows.common-controls_6595b64144ccf1df_6.0.19041.1110_none_60b5254171f9507e\COMCTL32.dll
0x00007ffbb7a00000 - 0x00007ffbb7a30000 	C:\Windows\System32\IMM32.DLL
0x0000000056890000 - 0x0000000056962000 	C:\Program Files\Java\jdk1.8.0_111\jre\bin\msvcr100.dll
0x0000000055ff0000 - 0x000000005688a000 	C:\Program Files\Java\jdk1.8.0_111\jre\bin\server\jvm.dll
0x00007ffbb89b0000 - 0x00007ffbb89b8000 	C:\Windows\System32\PSAPI.DLL
0x00007ffb536f0000 - 0x00007ffb536f9000 	C:\Windows\SYSTEM32\WSOCK32.dll
0x00007ffb97100000 - 0x00007ffb97127000 	C:\Windows\SYSTEM32\WINMM.dll
0x00007ffbb9120000 - 0x00007ffbb918b000 	C:\Windows\System32\WS2_32.dll
0x00007ffba3fe0000 - 0x00007ffba3fea000 	C:\Windows\SYSTEM32\VERSION.dll
0x0000000055fe0000 - 0x0000000055fef000 	C:\Program Files\Java\jdk1.8.0_111\jre\bin\verify.dll
0x0000000055fb0000 - 0x0000000055fd9000 	C:\Program Files\Java\jdk1.8.0_111\jre\bin\java.dll
0x0000000055f90000 - 0x0000000055fa6000 	C:\Program Files\Java\jdk1.8.0_111\jre\bin\zip.dll
0x00007ffbb7f90000 - 0x00007ffbb86d3000 	C:\Windows\System32\SHELL32.dll
0x00007ffbb4a80000 - 0x00007ffbb5211000 	C:\Windows\SYSTEM32\windows.storage.dll
0x00007ffbb73d0000 - 0x00007ffbb7724000 	C:\Windows\System32\combase.dll
0x00007ffbb62a0000 - 0x00007ffbb62d0000 	C:\Windows\SYSTEM32\Wldp.dll
0x00007ffbb9070000 - 0x00007ffbb911d000 	C:\Windows\System32\SHCORE.dll
0x00007ffbb89c0000 - 0x00007ffbb8a15000 	C:\Windows\System32\shlwapi.dll
0x00007ffbb6940000 - 0x00007ffbb695f000 	C:\Windows\SYSTEM32\profapi.dll
0x0000000069ac0000 - 0x0000000069ae4000 	C:\Program Files\apache-maven-3.8.6\lib\jansi-native\Windows\x86_64\jansi.dll
0x0000000055f60000 - 0x0000000055f7a000 	C:\Program Files\Java\jdk1.8.0_111\jre\bin\net.dll
0x00007ffbb6080000 - 0x00007ffbb60ea000 	C:\Windows\system32\mswsock.dll
0x0000000055f40000 - 0x0000000055f51000 	C:\Program Files\Java\jdk1.8.0_111\jre\bin\nio.dll

VM Arguments:
jvm_args: -Dclassworlds.conf=C:/Program Files/apache-maven-3.8.6/bin/m2.conf -Dmaven.home=C:/Program Files/apache-maven-3.8.6 -Dlibrary.jansi.path=C:/Program Files/apache-maven-3.8.6/lib/jansi-native -Dmaven.multiModuleProjectDirectory=E:/gestion de commande/microservices-gestion-commande/rubrique-service 
java_command: org.codehaus.plexus.classworlds.launcher.Launcher spring-boot:run
java_class_path (initial): C:/Program Files/apache-maven-3.8.6/boot/plexus-classworlds-2.6.0.jar
Launcher Type: SUN_STANDARD

Environment Variables:
JAVA_HOME=C:/Program Files/Java/jdk1.8.0_111
PATH=C:\Users\HASSNA\bin;C:\Program Files\Git\mingw64\bin;C:\Program Files\Git\usr\local\bin;C:\Program Files\Git\usr\bin;C:\Program Files\Git\usr\bin;C:\Program Files\Git\mingw64\bin;C:\Program Files\Git\usr\bin;C:\Users\HASSNA\bin;C:\Program Files (x86)\Common Files\Oracle\Java\javapath;C:\Windows\system32;C:\Windows;C:\Windows\System32\Wbem;C:\Windows\System32\WindowsPowerShell\v1.0;C:\Windows\System32\OpenSSH;C:\Program Files\nodejs;C:\Program Files\Git\cmd;C:\Program Files\dotnet;C:\Program Files\Java\jdk1.8.0_111\bin;C:\Program Files\apache-maven-3.8.6\bin;C:\Program Files\Docker\Docker\resources\bin;C:\ProgramData\DockerDesktop\version-bin;C:\hadoop\bin;C:\hadoop\sbin;C:\kube;C:\Program Files\Kubernetes\Minikube;C:\Users\HASSNA\AppData\Local\Microsoft\WindowsApps;C:\Program Files\JetBrains\IntelliJ IDEA Community Edition 2022.1.2\bin;C:\Users\HASSNA\AppData\Local\Programs\Microsoft VS Code\bin;C:\Users\HASSNA\AppData\Roaming\npm;C:\Program Files\JetBrains\IntelliJ IDEA 2022.2.3\bin;C:\Program Files\Git\usr\bin\vendor_perl;C:\Program Files\Git\usr\bin\core_perl
USERNAME=MOHAMED
SHELL=C:\Program Files\Git\usr\bin\bash.exe
DISPLAY=needs-to-be-defined
OS=Windows_NT
PROCESSOR_IDENTIFIER=Intel64 Family 6 Model 69 Stepping 1, GenuineIntel



---------------  S Y S T E M  ---------------

OS: Windows 10.0 , 64 bit Build 19041 (10.0.19041.1889)

CPU:total 4 (2 cores per cpu, 2 threads per core) family 6 model 69 stepping 1, cmov, cx8, fxsr, mmx, sse, sse2, sse3, ssse3, sse4.1, sse4.2, popcnt, avx, avx2, aes, clmul, erms, lzcnt, ht, tsc, tscinvbit, bmi1, bmi2

Memory: 4k page, physical 8283244k(288088k free), swap 26526312k(5652k free)

vm_info: Java HotSpot(TM) 64-Bit Server VM (25.111-b14) for windows-amd64 JRE (1.8.0_111-b14), built on Sep 22 2016 19:24:05 by "java_re" with MS VC++ 10.0 (VS2010)

time: Sat Dec 17 19:18:42 2022
elapsed time: 18 seconds (0d 0h 0m 18s)

