[INFO] Scanning for projects...
[INFO] 
[INFO] -------------------------< org.gatway:gatway >--------------------------
[INFO] Building gatway 0.0.1-SNAPSHOT
[INFO] --------------------------------[ jar ]---------------------------------
[INFO] 
[INFO] >>> spring-boot-maven-plugin:2.7.0:run (default-cli) > test-compile @ gatway >>>
[INFO] 
[INFO] --- maven-resources-plugin:3.2.0:resources (default-resources) @ gatway ---
[INFO] Using 'UTF-8' encoding to copy filtered resources.
[INFO] Using 'UTF-8' encoding to copy filtered properties files.
[INFO] Copying 1 resource
[INFO] Copying 0 resource
[INFO] 
[INFO] --- maven-compiler-plugin:3.10.1:compile (default-compile) @ gatway ---
[INFO] Nothing to compile - all classes are up to date
[INFO] 
[INFO] --- maven-resources-plugin:3.2.0:testResources (default-testResources) @ gatway ---
[INFO] Using 'UTF-8' encoding to copy filtered resources.
[INFO] Using 'UTF-8' encoding to copy filtered properties files.
[INFO] skip non existing resourceDirectory E:\gestion de commande\microservices-gestion-commande\gatway\src\test\resources
[INFO] 
[INFO] --- maven-compiler-plugin:3.10.1:testCompile (default-testCompile) @ gatway ---
[INFO] Nothing to compile - all classes are up to date
[INFO] 
[INFO] <<< spring-boot-maven-plugin:2.7.0:run (default-cli) < test-compile @ gatway <<<
[INFO] 
[INFO] 
[INFO] --- spring-boot-maven-plugin:2.7.0:run (default-cli) @ gatway ---
[INFO] Attaching agents: []

  .   ____          _            __ _ _
 /\\ / ___'_ __ _ _(_)_ __  __ _ \ \ \ \
( ( )\___ | '_ | '_| | '_ \/ _` | \ \ \ \
 \\/  ___)| |_)| | | | | || (_| |  ) ) ) )
  '  |____| .__|_| |_|_| |_\__, | / / / /
 =========|_|==============|___/=/_/_/_/
 :: Spring Boot ::                (v2.7.0)

2023-02-20 11:04:07.080  INFO 2920 --- [           main] org.gatway.demo.GatwayApplication        : Starting GatwayApplication using Java 1.8.0_111 on DESKTOP-KABIDFP with PID 2920 (E:\gestion de commande\microservices-gestion-commande\gatway\target\classes started by MOHAMED in E:\gestion de commande\microservices-gestion-commande\gatway)
2023-02-20 11:04:07.080  INFO 2920 --- [           main] org.gatway.demo.GatwayApplication        : No active profile set, falling back to 1 default profile: "default"
2023-02-20 11:04:08.878  INFO 2920 --- [           main] o.s.cloud.context.scope.GenericScope     : BeanFactory id=af666f59-d787-3732-a45f-eec835adc1d6
2023-02-20 11:04:09.014  INFO 2920 --- [           main] trationDelegate$BeanPostProcessorChecker : Bean 'org.springframework.cloud.client.loadbalancer.reactive.LoadBalancerBeanPostProcessorAutoConfiguration' of type [org.springframework.cloud.client.loadbalancer.reactive.LoadBalancerBeanPostProcessorAutoConfiguration] is not eligible for getting processed by all BeanPostProcessors (for example: not eligible for auto-proxying)
2023-02-20 11:04:09.026  INFO 2920 --- [           main] trationDelegate$BeanPostProcessorChecker : Bean 'org.springframework.cloud.client.loadbalancer.reactive.LoadBalancerBeanPostProcessorAutoConfiguration$ReactorDeferringLoadBalancerFilterConfig' of type [org.springframework.cloud.client.loadbalancer.reactive.LoadBalancerBeanPostProcessorAutoConfiguration$ReactorDeferringLoadBalancerFilterConfig] is not eligible for getting processed by all BeanPostProcessors (for example: not eligible for auto-proxying)
2023-02-20 11:04:09.026  INFO 2920 --- [           main] trationDelegate$BeanPostProcessorChecker : Bean 'reactorDeferringLoadBalancerExchangeFilterFunction' of type [org.springframework.cloud.client.loadbalancer.reactive.DeferringLoadBalancerExchangeFilterFunction] is not eligible for getting processed by all BeanPostProcessors (for example: not eligible for auto-proxying)
2023-02-20 11:04:10.301  INFO 2920 --- [           main] o.s.b.w.embedded.tomcat.TomcatWebServer  : Tomcat initialized with port(s): 9090 (http)
2023-02-20 11:04:10.322  INFO 2920 --- [           main] o.apache.catalina.core.StandardService   : Starting service [Tomcat]
2023-02-20 11:04:10.322  INFO 2920 --- [           main] org.apache.catalina.core.StandardEngine  : Starting Servlet engine: [Apache Tomcat/9.0.63]
2023-02-20 11:04:14.266  INFO 2920 --- [           main] o.s.c.g.r.RouteDefinitionRouteLocator    : Loaded RoutePredicateFactory [After]
2023-02-20 11:04:14.266  INFO 2920 --- [           main] o.s.c.g.r.RouteDefinitionRouteLocator    : Loaded RoutePredicateFactory [Before]
2023-02-20 11:04:14.266  INFO 2920 --- [           main] o.s.c.g.r.RouteDefinitionRouteLocator    : Loaded RoutePredicateFactory [Between]
2023-02-20 11:04:14.266  INFO 2920 --- [           main] o.s.c.g.r.RouteDefinitionRouteLocator    : Loaded RoutePredicateFactory [Cookie]
2023-02-20 11:04:14.266  INFO 2920 --- [           main] o.s.c.g.r.RouteDefinitionRouteLocator    : Loaded RoutePredicateFactory [Header]
2023-02-20 11:04:14.266  INFO 2920 --- [           main] o.s.c.g.r.RouteDefinitionRouteLocator    : Loaded RoutePredicateFactory [Host]
2023-02-20 11:04:14.266  INFO 2920 --- [           main] o.s.c.g.r.RouteDefinitionRouteLocator    : Loaded RoutePredicateFactory [Method]
2023-02-20 11:04:14.266  INFO 2920 --- [           main] o.s.c.g.r.RouteDefinitionRouteLocator    : Loaded RoutePredicateFactory [Path]
2023-02-20 11:04:14.266  INFO 2920 --- [           main] o.s.c.g.r.RouteDefinitionRouteLocator    : Loaded RoutePredicateFactory [Query]
2023-02-20 11:04:14.266  INFO 2920 --- [           main] o.s.c.g.r.RouteDefinitionRouteLocator    : Loaded RoutePredicateFactory [ReadBody]
2023-02-20 11:04:14.266  INFO 2920 --- [           main] o.s.c.g.r.RouteDefinitionRouteLocator    : Loaded RoutePredicateFactory [RemoteAddr]
2023-02-20 11:04:14.266  INFO 2920 --- [           main] o.s.c.g.r.RouteDefinitionRouteLocator    : Loaded RoutePredicateFactory [XForwardedRemoteAddr]
2023-02-20 11:04:14.266  INFO 2920 --- [           main] o.s.c.g.r.RouteDefinitionRouteLocator    : Loaded RoutePredicateFactory [Weight]
2023-02-20 11:04:14.266  INFO 2920 --- [           main] o.s.c.g.r.RouteDefinitionRouteLocator    : Loaded RoutePredicateFactory [CloudFoundryRouteService]
2023-02-20 11:04:16.141  INFO 2920 --- [           main] o.s.b.a.e.web.EndpointLinksResolver      : Exposing 1 endpoint(s) beneath base path '/actuator'
2023-02-20 11:04:16.341  INFO 2920 --- [           main] DiscoveryClientOptionalArgsConfiguration : Eureka HTTP Client uses RestTemplate.
2023-02-20 11:04:16.447  WARN 2920 --- [           main] iguration$LoadBalancerCaffeineWarnLogger : Spring Cloud LoadBalancer is currently working with the default cache. While this cache implementation is useful for development and tests, it's recommended to use Caffeine cache in production.You can switch to using Caffeine cache, by adding it and org.springframework.cache.caffeine.CaffeineCacheManager to the classpath.
2023-02-20 11:04:16.498  INFO 2920 --- [           main] o.s.c.n.eureka.InstanceInfoFactory       : Setting initial instance status as: STARTING
2023-02-20 11:04:16.624  INFO 2920 --- [           main] com.netflix.discovery.DiscoveryClient    : Initializing Eureka in region us-east-1
2023-02-20 11:04:16.624  INFO 2920 --- [           main] c.n.d.s.r.aws.ConfigClusterResolver      : Resolving eureka endpoints via configuration
2023-02-20 11:04:16.655  INFO 2920 --- [           main] com.netflix.discovery.DiscoveryClient    : Disable delta property : false
2023-02-20 11:04:16.655  INFO 2920 --- [           main] com.netflix.discovery.DiscoveryClient    : Single vip registry refresh property : null
2023-02-20 11:04:16.655  INFO 2920 --- [           main] com.netflix.discovery.DiscoveryClient    : Force full registry fetch : false
2023-02-20 11:04:16.655  INFO 2920 --- [           main] com.netflix.discovery.DiscoveryClient    : Application is null : false
2023-02-20 11:04:16.655  INFO 2920 --- [           main] com.netflix.discovery.DiscoveryClient    : Registered Applications size is zero : true
2023-02-20 11:04:16.655  INFO 2920 --- [           main] com.netflix.discovery.DiscoveryClient    : Application version is -1: true
2023-02-20 11:04:16.655  INFO 2920 --- [           main] com.netflix.discovery.DiscoveryClient    : Getting all instance registry info from the eureka server
2023-02-20 11:04:17.215  INFO 2920 --- [           main] com.netflix.discovery.DiscoveryClient    : The response status is 200
2023-02-20 11:04:17.225  INFO 2920 --- [           main] com.netflix.discovery.DiscoveryClient    : Starting heartbeat executor: renew interval is: 30
2023-02-20 11:04:17.225  INFO 2920 --- [           main] c.n.discovery.InstanceInfoReplicator     : InstanceInfoReplicator onDemand update allowed rate per min is 4
2023-02-20 11:04:17.236  INFO 2920 --- [           main] com.netflix.discovery.DiscoveryClient    : Discovery Client initialized at timestamp 1676891057236 with initial instances count: 0
2023-02-20 11:04:17.236  INFO 2920 --- [           main] o.s.c.n.e.s.EurekaServiceRegistry        : Registering application GATEWAY-SERVICE with eureka with status UP
2023-02-20 11:04:17.236  INFO 2920 --- [           main] com.netflix.discovery.DiscoveryClient    : Saw local status change event StatusChangeEvent [timestamp=1676891057236, current=UP, previous=STARTING]
2023-02-20 11:04:17.236  INFO 2920 --- [nfoReplicator-0] com.netflix.discovery.DiscoveryClient    : DiscoveryClient_GATEWAY-SERVICE/192.168.137.48:GATEWAY-SERVICE:9090: registering service...
2023-02-20 11:04:17.378  INFO 2920 --- [           main] o.s.b.w.embedded.tomcat.TomcatWebServer  : Tomcat started on port(s): 9090 (http) with context path ''
2023-02-20 11:04:17.378  INFO 2920 --- [           main] .s.c.n.e.s.EurekaAutoServiceRegistration : Updating port to 9090
2023-02-20 11:04:17.424  INFO 2920 --- [nfoReplicator-0] com.netflix.discovery.DiscoveryClient    : DiscoveryClient_GATEWAY-SERVICE/192.168.137.48:GATEWAY-SERVICE:9090 - registration status: 204
2023-02-20 11:04:20.140  INFO 2920 --- [           main] org.gatway.demo.GatwayApplication        : Started GatwayApplication in 15.453 seconds (JVM running for 16.461)
2023-02-20 11:04:47.231  INFO 2920 --- [freshExecutor-0] com.netflix.discovery.DiscoveryClient    : Disable delta property : false
2023-02-20 11:04:47.231  INFO 2920 --- [freshExecutor-0] com.netflix.discovery.DiscoveryClient    : Single vip registry refresh property : null
2023-02-20 11:04:47.231  INFO 2920 --- [freshExecutor-0] com.netflix.discovery.DiscoveryClient    : Force full registry fetch : false
2023-02-20 11:04:47.231  INFO 2920 --- [freshExecutor-0] com.netflix.discovery.DiscoveryClient    : Application is null : false
2023-02-20 11:04:47.231  INFO 2920 --- [freshExecutor-0] com.netflix.discovery.DiscoveryClient    : Registered Applications size is zero : true
2023-02-20 11:04:47.231  INFO 2920 --- [freshExecutor-0] com.netflix.discovery.DiscoveryClient    : Application version is -1: false
2023-02-20 11:04:47.231  INFO 2920 --- [freshExecutor-0] com.netflix.discovery.DiscoveryClient    : Getting all instance registry info from the eureka server
2023-02-20 11:04:47.269  INFO 2920 --- [freshExecutor-0] com.netflix.discovery.DiscoveryClient    : The response status is 200
2023-02-20 11:09:16.681  INFO 2920 --- [trap-executor-0] c.n.d.s.r.aws.ConfigClusterResolver      : Resolving eureka endpoints via configuration
