#
# There is insufficient memory for the Java Runtime Environment to continue.
# Native memory allocation (malloc) failed to allocate 32744 bytes for ChunkPool::allocate
# Possible reasons:
#   The system is out of physical RAM or swap space
#   In 32 bit mode, the process size limit was hit
# Possible solutions:
#   Reduce memory load on the system
#   Increase physical memory or swap space
#   Check if swap backing store is full
#   Use 64 bit Java on a 64 bit OS
#   Decrease Java heap size (-Xmx/-Xms)
#   Decrease number of Java threads
#   Decrease Java thread stack sizes (-Xss)
#   Set larger code cache with -XX:ReservedCodeCacheSize=
#
#  Out of Memory Error (allocation.cpp:273), pid=6836, tid=0x0000000000004760
#
# JRE version: Java(TM) SE Runtime Environment (8.0_111-b14) (build 1.8.0_111-b14)
# Java VM: Java HotSpot(TM) 64-Bit Server VM (25.111-b14 mixed mode windows-amd64 compressed oops)
# Failed to write core dump. Minidumps are not enabled by default on client versions of Windows
#

---------------  T H R E A D  ---------------

Current thread (0x0000000002497800):  JavaThread "main" [_thread_in_vm, id=18272, stack(0x0000000002390000,0x0000000002490000)]

Stack: [0x0000000002390000,0x0000000002490000]
[error occurred during error reporting (printing stack bounds), id 0xc0000005]

Native frames: (J=compiled Java code, j=interpreted, Vv=VM code, C=native code)

Java frames: (J=compiled Java code, j=interpreted, Vv=VM code)
J 866  java.lang.ClassLoader.defineClass1(Ljava/lang/String;[BIILjava/security/ProtectionDomain;Ljava/lang/String;)Ljava/lang/Class; (0 bytes) @ 0x00000000029d489f [0x00000000029d4800+0x9f]
J 791 C1 java.lang.ClassLoader.defineClass(Ljava/lang/String;[BIILjava/security/ProtectionDomain;)Ljava/lang/Class; (43 bytes) @ 0x00000000029b309c [0x00000000029b2fa0+0xfc]
J 802 C1 java.net.URLClassLoader.defineClass(Ljava/lang/String;Lsun/misc/Resource;)Ljava/lang/Class; (142 bytes) @ 0x00000000029b824c [0x00000000029b7880+0x9cc]
J 720 C1 java.net.URLClassLoader$1.run()Ljava/lang/Class; (63 bytes) @ 0x0000000002997e74 [0x0000000002997dc0+0xb4]
J 719 C1 java.net.URLClassLoader$1.run()Ljava/lang/Object; (5 bytes) @ 0x0000000002997a94 [0x0000000002997a60+0x34]
v  ~StubRoutines::call_stub
J 718  java.security.AccessController.doPrivileged(Ljava/security/PrivilegedExceptionAction;Ljava/security/AccessControlContext;)Ljava/lang/Object; (0 bytes) @ 0x0000000002997726 [0x00000000029976c0+0x66]
J 662 C1 java.net.URLClassLoader.findClass(Ljava/lang/String;)Ljava/lang/Class; (47 bytes) @ 0x000000000297f9b4 [0x000000000297f900+0xb4]
J 3130 C1 java.lang.ClassLoader.loadClass(Ljava/lang/String;Z)Ljava/lang/Class; (122 bytes) @ 0x0000000002d87424 [0x0000000002d87120+0x304]
J 712 C1 sun.misc.Launcher$AppClassLoader.loadClass(Ljava/lang/String;Z)Ljava/lang/Class; (85 bytes) @ 0x0000000002994444 [0x0000000002994160+0x2e4]
J 521 C1 java.lang.ClassLoader.loadClass(Ljava/lang/String;)Ljava/lang/Class; (7 bytes) @ 0x000000000294a2e4 [0x000000000294a2a0+0x44]
v  ~StubRoutines::call_stub
j  com.netflix.discovery.DiscoveryClient.<init>(Lcom/netflix/appinfo/ApplicationInfoManager;Lcom/netflix/discovery/EurekaClientConfig;Lcom/netflix/discovery/AbstractDiscoveryClientOptionalArgs;)V+4
j  org.springframework.cloud.netflix.eureka.CloudEurekaClient.<init>(Lcom/netflix/appinfo/ApplicationInfoManager;Lcom/netflix/discovery/EurekaClientConfig;Lcom/netflix/discovery/AbstractDiscoveryClientOptionalArgs;Lorg/springframework/context/ApplicationEventPublisher;)V+4
j  org.springframework.cloud.netflix.eureka.EurekaClientAutoConfiguration$RefreshableEurekaClientConfiguration.eurekaClient(Lcom/netflix/appinfo/ApplicationInfoManager;Lcom/netflix/discovery/EurekaClientConfig;Lcom/netflix/appinfo/EurekaInstanceConfig;Lcom/netflix/appinfo/HealthCheckHandler;)Lcom/netflix/discovery/EurekaClient;+37
v  ~StubRoutines::call_stub
J 2235  sun.reflect.NativeMethodAccessorImpl.invoke0(Ljava/lang/reflect/Method;Ljava/lang/Object;[Ljava/lang/Object;)Ljava/lang/Object; (0 bytes) @ 0x0000000002bf55bf [0x0000000002bf5540+0x7f]
J 1884 C1 sun.reflect.NativeMethodAccessorImpl.invoke(Ljava/lang/Object;[Ljava/lang/Object;)Ljava/lang/Object; (104 bytes) @ 0x0000000002b4e35c [0x0000000002b4dfe0+0x37c]
J 1996 C1 sun.reflect.DelegatingMethodAccessorImpl.invoke(Ljava/lang/Object;[Ljava/lang/Object;)Ljava/lang/Object; (10 bytes) @ 0x0000000002b7f464 [0x0000000002b7f420+0x44]
J 1995 C1 java.lang.reflect.Method.invoke(Ljava/lang/Object;[Ljava/lang/Object;)Ljava/lang/Object; (62 bytes) @ 0x0000000002b7f094 [0x0000000002b7efa0+0xf4]
j  org.springframework.beans.factory.support.SimpleInstantiationStrategy.instantiate(Lorg/springframework/beans/factory/support/RootBeanDefinition;Ljava/lang/String;Lorg/springframework/beans/factory/BeanFactory;Ljava/lang/Object;Ljava/lang/reflect/Method;[Ljava/lang/Object;)Ljava/lang/Object;+50
j  org.springframework.beans.factory.support.ConstructorResolver.instantiate(Ljava/lang/String;Lorg/springframework/beans/factory/support/RootBeanDefinition;Ljava/lang/Object;Ljava/lang/reflect/Method;[Ljava/lang/Object;)Ljava/lang/Object;+48
j  org.springframework.beans.factory.support.ConstructorResolver.instantiateUsingFactoryMethod(Ljava/lang/String;Lorg/springframework/beans/factory/support/RootBeanDefinition;[Ljava/lang/Object;)Lorg/springframework/beans/BeanWrapper;+1565
J 4176 C1 org.springframework.beans.factory.support.AbstractAutowireCapableBeanFactory.createBeanInstance(Ljava/lang/String;Lorg/springframework/beans/factory/support/RootBeanDefinition;[Ljava/lang/Object;)Lorg/springframework/beans/BeanWrapper; (254 bytes) @ 0x0000000002f591bc [0x0000000002f58980+0x83c]
J 4175 C1 org.springframework.beans.factory.support.AbstractAutowireCapableBeanFactory.doCreateBean(Ljava/lang/String;Lorg/springframework/beans/factory/support/RootBeanDefinition;[Ljava/lang/Object;)Ljava/lang/Object; (507 bytes) @ 0x0000000002f55a3c [0x0000000002f558c0+0x17c]
J 4173 C1 org.springframework.beans.factory.support.AbstractAutowireCapableBeanFactory.createBean(Ljava/lang/String;Lorg/springframework/beans/factory/support/RootBeanDefinition;[Ljava/lang/Object;)Ljava/lang/Object; (247 bytes) @ 0x0000000002f534cc [0x0000000002f52f20+0x5ac]
j  org.springframework.beans.factory.support.AbstractBeanFactory.lambda$doGetBean$1(Ljava/lang/String;Lorg/springframework/beans/factory/support/RootBeanDefinition;[Ljava/lang/Object;)Ljava/lang/Object;+9
j  org.springframework.beans.factory.support.AbstractBeanFactory$$Lambda$809.getObject()Ljava/lang/Object;+16
j  org.springframework.cloud.context.scope.GenericScope$BeanLifecycleWrapper.getBean()Ljava/lang/Object;+26
j  org.springframework.cloud.context.scope.GenericScope.get(Ljava/lang/String;Lorg/springframework/beans/factory/ObjectFactory;)Ljava/lang/Object;+37
J 2458 C1 org.springframework.beans.factory.support.AbstractBeanFactory.doGetBean(Ljava/lang/String;Ljava/lang/Class;[Ljava/lang/Object;Z)Ljava/lang/Object; (832 bytes) @ 0x0000000002c4c9ac [0x0000000002c4c120+0x88c]
J 3714 C1 org.springframework.beans.factory.support.AbstractBeanFactory.getBean(Ljava/lang/String;)Ljava/lang/Object; (9 bytes) @ 0x0000000002e990cc [0x0000000002e99080+0x4c]
j  org.springframework.aop.target.SimpleBeanTargetSource.getTarget()Ljava/lang/Object;+8
j  org.springframework.aop.framework.JdkDynamicAopProxy.invoke(Ljava/lang/Object;Ljava/lang/reflect/Method;[Ljava/lang/Object;)Ljava/lang/Object;+301
j  com.sun.proxy.$Proxy72.getApplications()Lcom/netflix/discovery/shared/Applications;+9
j  org.springframework.cloud.netflix.eureka.server.EurekaServerAutoConfiguration.peerAwareInstanceRegistry(Lcom/netflix/eureka/resources/ServerCodecs;)Lcom/netflix/eureka/registry/PeerAwareInstanceRegistry;+4
v  ~StubRoutines::call_stub
J 2235  sun.reflect.NativeMethodAccessorImpl.invoke0(Ljava/lang/reflect/Method;Ljava/lang/Object;[Ljava/lang/Object;)Ljava/lang/Object; (0 bytes) @ 0x0000000002bf55bf [0x0000000002bf5540+0x7f]
J 1884 C1 sun.reflect.NativeMethodAccessorImpl.invoke(Ljava/lang/Object;[Ljava/lang/Object;)Ljava/lang/Object; (104 bytes) @ 0x0000000002b4e35c [0x0000000002b4dfe0+0x37c]
J 1996 C1 sun.reflect.DelegatingMethodAccessorImpl.invoke(Ljava/lang/Object;[Ljava/lang/Object;)Ljava/lang/Object; (10 bytes) @ 0x0000000002b7f464 [0x0000000002b7f420+0x44]
J 1995 C1 java.lang.reflect.Method.invoke(Ljava/lang/Object;[Ljava/lang/Object;)Ljava/lang/Object; (62 bytes) @ 0x0000000002b7f094 [0x0000000002b7efa0+0xf4]
j  org.springframework.beans.factory.support.SimpleInstantiationStrategy.instantiate(Lorg/springframework/beans/factory/support/RootBeanDefinition;Ljava/lang/String;Lorg/springframework/beans/factory/BeanFactory;Ljava/lang/Object;Ljava/lang/reflect/Method;[Ljava/lang/Object;)Ljava/lang/Object;+50
j  org.springframework.beans.factory.support.ConstructorResolver.instantiate(Ljava/lang/String;Lorg/springframework/beans/factory/support/RootBeanDefinition;Ljava/lang/Object;Ljava/lang/reflect/Method;[Ljava/lang/Object;)Ljava/lang/Object;+48
j  org.springframework.beans.factory.support.ConstructorResolver.instantiateUsingFactoryMethod(Ljava/lang/String;Lorg/springframework/beans/factory/support/RootBeanDefinition;[Ljava/lang/Object;)Lorg/springframework/beans/BeanWrapper;+1565
J 4176 C1 org.springframework.beans.factory.support.AbstractAutowireCapableBeanFactory.createBeanInstance(Ljava/lang/String;Lorg/springframework/beans/factory/support/RootBeanDefinition;[Ljava/lang/Object;)Lorg/springframework/beans/BeanWrapper; (254 bytes) @ 0x0000000002f591bc [0x0000000002f58980+0x83c]
J 4175 C1 org.springframework.beans.factory.support.AbstractAutowireCapableBeanFactory.doCreateBean(Ljava/lang/String;Lorg/springframework/beans/factory/support/RootBeanDefinition;[Ljava/lang/Object;)Ljava/lang/Object; (507 bytes) @ 0x0000000002f55a3c [0x0000000002f558c0+0x17c]
J 4173 C1 org.springframework.beans.factory.support.AbstractAutowireCapableBeanFactory.createBean(Ljava/lang/String;Lorg/springframework/beans/factory/support/RootBeanDefinition;[Ljava/lang/Object;)Ljava/lang/Object; (247 bytes) @ 0x0000000002f534cc [0x0000000002f52f20+0x5ac]
J 3927 C1 org.springframework.beans.factory.support.AbstractBeanFactory$$Lambda$234.getObject()Ljava/lang/Object; (20 bytes) @ 0x0000000002edf69c [0x0000000002edf640+0x5c]
J 4184 C1 org.springframework.beans.factory.support.DefaultSingletonBeanRegistry.getSingleton(Ljava/lang/String;Lorg/springframework/beans/factory/ObjectFactory;)Ljava/lang/Object; (297 bytes) @ 0x0000000002f5e994 [0x0000000002f5e4c0+0x4d4]
J 2458 C1 org.springframework.beans.factory.support.AbstractBeanFactory.doGetBean(Ljava/lang/String;Ljava/lang/Class;[Ljava/lang/Object;Z)Ljava/lang/Object; (832 bytes) @ 0x0000000002c4c74c [0x0000000002c4c120+0x62c]
J 3714 C1 org.springframework.beans.factory.support.AbstractBeanFactory.getBean(Ljava/lang/String;)Ljava/lang/Object; (9 bytes) @ 0x0000000002e990cc [0x0000000002e99080+0x4c]
J 4162 C1 org.springframework.beans.factory.config.DependencyDescriptor.resolveCandidate(Ljava/lang/String;Ljava/lang/Class;Lorg/springframework/beans/factory/BeanFactory;)Ljava/lang/Object; (8 bytes) @ 0x0000000002f4e9e4 [0x0000000002f4e9a0+0x44]
j  org.springframework.beans.factory.support.DefaultListableBeanFactory.doResolveDependency(Lorg/springframework/beans/factory/config/DependencyDescriptor;Ljava/lang/String;Ljava/util/Set;Lorg/springframework/beans/TypeConverter;)Ljava/lang/Object;+440
J 4168 C1 org.springframework.beans.factory.support.DefaultListableBeanFactory.resolveDependency(Lorg/springframework/beans/factory/config/DependencyDescriptor;Ljava/lang/String;Ljava/util/Set;Lorg/springframework/beans/TypeConverter;)Ljava/lang/Object; (116 bytes) @ 0x0000000002f51a6c [0x0000000002f51900+0x16c]
j  org.springframework.beans.factory.support.ConstructorResolver.resolveAutowiredArgument(Lorg/springframework/core/MethodParameter;Ljava/lang/String;Ljava/util/Set;Lorg/springframework/beans/TypeConverter;Z)Ljava/lang/Object;+79
j  org.springframework.beans.factory.support.ConstructorResolver.createArgumentArray(Ljava/lang/String;Lorg/springframework/beans/factory/support/RootBeanDefinition;Lorg/springframework/beans/factory/config/ConstructorArgumentValues;Lorg/springframework/beans/BeanWrapper;[Ljava/lang/Class;[Ljava/lang/String;Ljava/lang/reflect/Executable;ZZ)Lorg/springframework/beans/factory/support/ConstructorResolver$ArgumentsHolder;+434
j  org.springframework.beans.factory.support.ConstructorResolver.instantiateUsingFactoryMethod(Ljava/lang/String;Lorg/springframework/beans/factory/support/RootBeanDefinition;[Ljava/lang/Object;)Lorg/springframework/beans/BeanWrapper;+736
J 4176 C1 org.springframework.beans.factory.support.AbstractAutowireCapableBeanFactory.createBeanInstance(Ljava/lang/String;Lorg/springframework/beans/factory/support/RootBeanDefinition;[Ljava/lang/Object;)Lorg/springframework/beans/BeanWrapper; (254 bytes) @ 0x0000000002f591bc [0x0000000002f58980+0x83c]
J 4175 C1 org.springframework.beans.factory.support.AbstractAutowireCapableBeanFactory.doCreateBean(Ljava/lang/String;Lorg/springframework/beans/factory/support/RootBeanDefinition;[Ljava/lang/Object;)Ljava/lang/Object; (507 bytes) @ 0x0000000002f55a3c [0x0000000002f558c0+0x17c]
J 4173 C1 org.springframework.beans.factory.support.AbstractAutowireCapableBeanFactory.createBean(Ljava/lang/String;Lorg/springframework/beans/factory/support/RootBeanDefinition;[Ljava/lang/Object;)Ljava/lang/Object; (247 bytes) @ 0x0000000002f534cc [0x0000000002f52f20+0x5ac]
J 3927 C1 org.springframework.beans.factory.support.AbstractBeanFactory$$Lambda$234.getObject()Ljava/lang/Object; (20 bytes) @ 0x0000000002edf69c [0x0000000002edf640+0x5c]
J 4184 C1 org.springframework.beans.factory.support.DefaultSingletonBeanRegistry.getSingleton(Ljava/lang/String;Lorg/springframework/beans/factory/ObjectFactory;)Ljava/lang/Object; (297 bytes) @ 0x0000000002f5e994 [0x0000000002f5e4c0+0x4d4]
J 2458 C1 org.springframework.beans.factory.support.AbstractBeanFactory.doGetBean(Ljava/lang/String;Ljava/lang/Class;[Ljava/lang/Object;Z)Ljava/lang/Object; (832 bytes) @ 0x0000000002c4c74c [0x0000000002c4c120+0x62c]
J 3714 C1 org.springframework.beans.factory.support.AbstractBeanFactory.getBean(Ljava/lang/String;)Ljava/lang/Object; (9 bytes) @ 0x0000000002e990cc [0x0000000002e99080+0x4c]
J 4162 C1 org.springframework.beans.factory.config.DependencyDescriptor.resolveCandidate(Ljava/lang/String;Ljava/lang/Class;Lorg/springframework/beans/factory/BeanFactory;)Ljava/lang/Object; (8 bytes) @ 0x0000000002f4e9e4 [0x0000000002f4e9a0+0x44]
j  org.springframework.beans.factory.support.DefaultListableBeanFactory.doResolveDependency(Lorg/springframework/beans/factory/config/DependencyDescriptor;Ljava/lang/String;Ljava/util/Set;Lorg/springframework/beans/TypeConverter;)Ljava/lang/Object;+440
J 4168 C1 org.springframework.beans.factory.support.DefaultListableBeanFactory.resolveDependency(Lorg/springframework/beans/factory/config/DependencyDescriptor;Ljava/lang/String;Ljava/util/Set;Lorg/springframework/beans/TypeConverter;)Ljava/lang/Object; (116 bytes) @ 0x0000000002f51a6c [0x0000000002f51900+0x16c]
j  org.springframework.beans.factory.annotation.AutowiredAnnotationBeanPostProcessor$AutowiredFieldElement.resolveFieldValue(Ljava/lang/reflect/Field;Ljava/lang/Object;Ljava/lang/String;)Ljava/lang/Object;+81
j  org.springframework.beans.factory.annotation.AutowiredAnnotationBeanPostProcessor$AutowiredFieldElement.inject(Ljava/lang/Object;Ljava/lang/String;Lorg/springframework/beans/PropertyValues;)V+53
J 3686 C1 org.springframework.beans.factory.annotation.InjectionMetadata.inject(Ljava/lang/Object;Ljava/lang/String;Lorg/springframework/beans/PropertyValues;)V (75 bytes) @ 0x0000000002e8ef1c [0x0000000002e8ee20+0xfc]
J 3973 C1 org.springframework.beans.factory.annotation.AutowiredAnnotationBeanPostProcessor.postProcessProperties(Lorg/springframework/beans/PropertyValues;Ljava/lang/Object;Ljava/lang/String;)Lorg/springframework/beans/PropertyValues; (45 bytes) @ 0x0000000002ef4f24 [0x0000000002ef4ea0+0x84]
J 3930 C1 org.springframework.beans.factory.support.AbstractAutowireCapableBeanFactory.populateBean(Ljava/lang/String;Lorg/springframework/beans/factory/support/RootBeanDefinition;Lorg/springframework/beans/BeanWrapper;)V (372 bytes) @ 0x0000000002ee0b14 [0x0000000002ee0320+0x7f4]
J 4175 C1 org.springframework.beans.factory.support.AbstractAutowireCapableBeanFactory.doCreateBean(Ljava/lang/String;Lorg/springframework/beans/factory/support/RootBeanDefinition;[Ljava/lang/Object;)Ljava/lang/Object; (507 bytes) @ 0x0000000002f55f54 [0x0000000002f558c0+0x694]
J 4173 C1 org.springframework.beans.factory.support.AbstractAutowireCapableBeanFactory.createBean(Ljava/lang/String;Lorg/springframework/beans/factory/support/RootBeanDefinition;[Ljava/lang/Object;)Ljava/lang/Object; (247 bytes) @ 0x0000000002f534cc [0x0000000002f52f20+0x5ac]
J 3927 C1 org.springframework.beans.factory.support.AbstractBeanFactory$$Lambda$234.getObject()Ljava/lang/Object; (20 bytes) @ 0x0000000002edf69c [0x0000000002edf640+0x5c]
j  org.springframework.beans.factory.support.DefaultSingletonBeanRegistry.getSingleton(Ljava/lang/String;Lorg/springframework/beans/factory/ObjectFactory;)Ljava/lang/Object;+132
J 2458 C1 org.springframework.beans.factory.support.AbstractBeanFactory.doGetBean(Ljava/lang/String;Ljava/lang/Class;[Ljava/lang/Object;Z)Ljava/lang/Object; (832 bytes) @ 0x0000000002c4c74c [0x0000000002c4c120+0x62c]
J 3714 C1 org.springframework.beans.factory.support.AbstractBeanFactory.getBean(Ljava/lang/String;)Ljava/lang/Object; (9 bytes) @ 0x0000000002e990cc [0x0000000002e99080+0x4c]
j  org.springframework.beans.factory.support.DefaultListableBeanFactory.preInstantiateSingletons()V+248
j  org.springframework.context.support.AbstractApplicationContext.finishBeanFactoryInitialization(Lorg/springframework/beans/factory/config/ConfigurableListableBeanFactory;)V+124
j  org.springframework.context.support.AbstractApplicationContext.refresh()V+86
j  org.springframework.boot.web.servlet.context.ServletWebServerApplicationContext.refresh()V+1
j  org.springframework.boot.SpringApplication.refresh(Lorg/springframework/context/ConfigurableApplicationContext;)V+1
j  org.springframework.boot.SpringApplication.refreshContext(Lorg/springframework/context/ConfigurableApplicationContext;)V+16
j  org.springframework.boot.SpringApplication.run([Ljava/lang/String;)Lorg/springframework/context/ConfigurableApplicationContext;+107
j  org.springframework.boot.SpringApplication.run([Ljava/lang/Class;[Ljava/lang/String;)Lorg/springframework/context/ConfigurableApplicationContext;+9
j  org.springframework.boot.SpringApplication.run(Ljava/lang/Class;[Ljava/lang/String;)Lorg/springframework/context/ConfigurableApplicationContext;+9
j  org.projet.demo.EurekaServiceApplication.main([Ljava/lang/String;)V+3
v  ~StubRoutines::call_stub

---------------  P R O C E S S  ---------------

Java Threads: ( => current thread )
  0x00000000191ec000 JavaThread "spring.cloud.inetutils" daemon [_thread_blocked, id=15288, stack(0x000000001d2d0000,0x000000001d3d0000)]
  0x000000001af40800 JavaThread "container-0" [_thread_blocked, id=9988, stack(0x000000001cdd0000,0x000000001ced0000)]
  0x000000001b6b7000 JavaThread "Catalina-utility-2" [_thread_blocked, id=17056, stack(0x000000001bed0000,0x000000001bfd0000)]
  0x000000001b6b6800 JavaThread "Catalina-utility-1" [_thread_blocked, id=7224, stack(0x000000001aa00000,0x000000001ab00000)]
  0x00000000194e5800 JavaThread "RMI Scheduler(0)" daemon [_thread_blocked, id=17544, stack(0x000000001a900000,0x000000001aa00000)]
  0x00000000194c4000 JavaThread "RMI TCP Connection(1)-172.27.112.1" daemon [_thread_in_native, id=3356, stack(0x000000001a800000,0x000000001a900000)]
  0x0000000018fd7800 JavaThread "RMI TCP Accept-0" daemon [_thread_in_native, id=18048, stack(0x0000000019d90000,0x0000000019e90000)]
  0x0000000018e93000 JavaThread "Service Thread" daemon [_thread_blocked, id=19380, stack(0x0000000019950000,0x0000000019a50000)]
  0x0000000018e12000 JavaThread "C1 CompilerThread2" daemon [_thread_blocked, id=15392, stack(0x0000000019850000,0x0000000019950000)]
  0x0000000018e06000 JavaThread "C2 CompilerThread1" daemon [_thread_blocked, id=4056, stack(0x0000000019750000,0x0000000019850000)]
  0x0000000018e05800 JavaThread "C2 CompilerThread0" daemon [_thread_blocked, id=3396, stack(0x0000000019650000,0x0000000019750000)]
  0x0000000018d3a800 JavaThread "Monitor Ctrl-Break" daemon [_thread_in_native, id=10512, stack(0x0000000019550000,0x0000000019650000)]
  0x00000000172c7800 JavaThread "Attach Listener" daemon [_thread_blocked, id=12096, stack(0x0000000018850000,0x0000000018950000)]
  0x00000000172c6000 JavaThread "Signal Dispatcher" daemon [_thread_blocked, id=17768, stack(0x0000000018750000,0x0000000018850000)]
  0x00000000172a8800 JavaThread "Finalizer" daemon [_thread_blocked, id=14688, stack(0x0000000018520000,0x0000000018620000)]
  0x0000000002587000 JavaThread "Reference Handler" daemon [_thread_blocked, id=15160, stack(0x0000000018420000,0x0000000018520000)]
=>0x0000000002497800 JavaThread "main" [_thread_in_vm, id=18272, stack(0x0000000002390000,0x0000000002490000)]

Other Threads:
  0x0000000017287000 VMThread [stack: 0x0000000018320000,0x0000000018420000] [id=16236]
  0x0000000018ff2800 WatcherThread [stack: 0x0000000019e90000,0x0000000019f90000] [id=13820]

VM state:not at safepoint (normal execution)

VM Mutex/Monitor currently owned by a thread: None

Heap:
 PSYoungGen      total 101376K, used 57828K [0x00000000d5d80000, 0x00000000dce00000, 0x0000000100000000)
  eden space 89600K, 56% used [0x00000000d5d80000,0x00000000d8ed2ff0,0x00000000db500000)
  from space 11776K, 62% used [0x00000000db500000,0x00000000dbc262c0,0x00000000dc080000)
  to   space 11776K, 0% used [0x00000000dc080000,0x00000000dc080000,0x00000000dcc00000)
 ParOldGen       total 75264K, used 14617K [0x0000000081800000, 0x0000000086180000, 0x00000000d5d80000)
  object space 75264K, 19% used [0x0000000081800000,0x00000000826466a0,0x0000000086180000)
 Metaspace       used 40671K, capacity 43616K, committed 43648K, reserved 1087488K
  class space    used 5713K, capacity 6249K, committed 6272K, reserved 1048576K

Card table byte_map: [0x0000000011b30000,0x0000000011f30000] byte_map_base: 0x0000000011724000

Marking Bits: (ParMarkBitMap*) 0x0000000066afa6c0
 Begin Bits: [0x00000000125e0000, 0x0000000014580000)
 End Bits:   [0x0000000014580000, 0x0000000016520000)

Polling page: 0x0000000000920000

CodeCache: size=245760Kb used=8225Kb max_used=8225Kb free=237534Kb
 bounds [0x0000000002770000, 0x0000000002f80000, 0x0000000011770000]
 total_blobs=4628 nmethods=4159 adapters=381
 compilation: enabled

Compilation events (10 events):
Event: 22.667 Thread 0x0000000018e12000 4193       1       sun.misc.CompoundEnumeration::hasMoreElements (5 bytes)
Event: 22.667 Thread 0x0000000018e12000 nmethod 4193 0x0000000002f6a7d0 code [0x0000000002f6a920, 0x0000000002f6aa48]
Event: 22.672 Thread 0x0000000018e12000 4194       1       java.lang.Class::checkPackageAccess (94 bytes)
Event: 22.673 Thread 0x0000000018e12000 nmethod 4194 0x0000000002f6aad0 code [0x0000000002f6ad20, 0x0000000002f6b498]
Event: 22.680 Thread 0x0000000018e12000 4195       1       org.springframework.beans.factory.support.DefaultListableBeanFactory::resolveMultipleBeans (564 bytes)
Event: 22.686 Thread 0x0000000018e12000 nmethod 4195 0x0000000002f6bbd0 code [0x0000000002f6c0c0, 0x0000000002f6e098]
Event: 22.686 Thread 0x0000000018e12000 4196       1       org.springframework.core.annotation.MissingMergedAnnotation::getDistance (2 bytes)
Event: 22.686 Thread 0x0000000018e12000 nmethod 4196 0x0000000002f70090 code [0x0000000002f701e0, 0x0000000002f702f0]
Event: 22.689 Thread 0x0000000018e12000 4197       1       java.text.SimpleDateFormat::subFormat (1260 bytes)
Event: 22.698 Thread 0x0000000018e12000 nmethod 4197 0x0000000002f70350 code [0x0000000002f70960, 0x0000000002f74208]

GC Heap History (10 events):
Event: 12.511 GC heap before
{Heap before GC invocations=9 (full 1):
 PSYoungGen      total 71680K, used 71648K [0x00000000d5d80000, 0x00000000da880000, 0x0000000100000000)
  eden space 66560K, 100% used [0x00000000d5d80000,0x00000000d9e80000,0x00000000d9e80000)
  from space 5120K, 99% used [0x00000000d9e80000,0x00000000da378020,0x00000000da380000)
  to   space 5120K, 0% used [0x00000000da380000,0x00000000da380000,0x00000000da880000)
 ParOldGen       total 49152K, used 10586K [0x0000000081800000, 0x0000000084800000, 0x00000000d5d80000)
  object space 49152K, 21% used [0x0000000081800000,0x00000000822568d8,0x0000000084800000)
 Metaspace       used 29319K, capacity 31368K, committed 31616K, reserved 1077248K
  class space    used 3974K, capacity 4404K, committed 4480K, reserved 1048576K
Event: 12.533 GC heap after
Heap after GC invocations=9 (full 1):
 PSYoungGen      total 65536K, used 5100K [0x00000000d5d80000, 0x00000000de800000, 0x0000000100000000)
  eden space 60416K, 0% used [0x00000000d5d80000,0x00000000d5d80000,0x00000000d9880000)
  from space 5120K, 99% used [0x00000000da380000,0x00000000da87b010,0x00000000da880000)
  to   space 11264K, 0% used [0x00000000d9880000,0x00000000d9880000,0x00000000da380000)
 ParOldGen       total 49152K, used 15951K [0x0000000081800000, 0x0000000084800000, 0x00000000d5d80000)
  object space 49152K, 32% used [0x0000000081800000,0x0000000082793da8,0x0000000084800000)
 Metaspace       used 29319K, capacity 31368K, committed 31616K, reserved 1077248K
  class space    used 3974K, capacity 4404K, committed 4480K, reserved 1048576K
}
Event: 13.395 GC heap before
{Heap before GC invocations=10 (full 1):
 PSYoungGen      total 65536K, used 65516K [0x00000000d5d80000, 0x00000000de800000, 0x0000000100000000)
  eden space 60416K, 100% used [0x00000000d5d80000,0x00000000d9880000,0x00000000d9880000)
  from space 5120K, 99% used [0x00000000da380000,0x00000000da87b010,0x00000000da880000)
  to   space 11264K, 0% used [0x00000000d9880000,0x00000000d9880000,0x00000000da380000)
 ParOldGen       total 49152K, used 15951K [0x0000000081800000, 0x0000000084800000, 0x00000000d5d80000)
  object space 49152K, 32% used [0x0000000081800000,0x0000000082793da8,0x0000000084800000)
 Metaspace       used 32003K, capacity 34254K, committed 34304K, reserved 1079296K
  class space    used 4396K, capacity 4849K, committed 4864K, reserved 1048576K
Event: 13.416 GC heap after
Heap after GC invocations=10 (full 1):
 PSYoungGen      total 71680K, used 9514K [0x00000000d5d80000, 0x00000000dcc00000, 0x0000000100000000)
  eden space 60416K, 0% used [0x00000000d5d80000,0x00000000d5d80000,0x00000000d9880000)
  from space 11264K, 84% used [0x00000000d9880000,0x00000000da1ca9d0,0x00000000da380000)
  to   space 11776K, 0% used [0x00000000dc080000,0x00000000dc080000,0x00000000dcc00000)
 ParOldGen       total 49152K, used 17691K [0x0000000081800000, 0x0000000084800000, 0x00000000d5d80000)
  object space 49152K, 35% used [0x0000000081800000,0x0000000082946db8,0x0000000084800000)
 Metaspace       used 32003K, capacity 34254K, committed 34304K, reserved 1079296K
  class space    used 4396K, capacity 4849K, committed 4864K, reserved 1048576K
}
Event: 13.691 GC heap before
{Heap before GC invocations=11 (full 1):
 PSYoungGen      total 71680K, used 20394K [0x00000000d5d80000, 0x00000000dcc00000, 0x0000000100000000)
  eden space 60416K, 18% used [0x00000000d5d80000,0x00000000d68200d0,0x00000000d9880000)
  from space 11264K, 84% used [0x00000000d9880000,0x00000000da1ca9d0,0x00000000da380000)
  to   space 11776K, 0% used [0x00000000dc080000,0x00000000dc080000,0x00000000dcc00000)
 ParOldGen       total 49152K, used 17691K [0x0000000081800000, 0x0000000084800000, 0x00000000d5d80000)
  object space 49152K, 35% used [0x0000000081800000,0x0000000082946db8,0x0000000084800000)
 Metaspace       used 33196K, capacity 35406K, committed 35456K, reserved 1079296K
  class space    used 4539K, capacity 4977K, committed 4992K, reserved 1048576K
Event: 13.705 GC heap after
Heap after GC invocations=11 (full 1):
 PSYoungGen      total 101376K, used 3047K [0x00000000d5d80000, 0x00000000dce00000, 0x0000000100000000)
  eden space 89600K, 0% used [0x00000000d5d80000,0x00000000d5d80000,0x00000000db500000)
  from space 11776K, 25% used [0x00000000dc080000,0x00000000dc379cf0,0x00000000dcc00000)
  to   space 11776K, 0% used [0x00000000db500000,0x00000000db500000,0x00000000dc080000)
 ParOldGen       total 49152K, used 21055K [0x0000000081800000, 0x0000000084800000, 0x00000000d5d80000)
  object space 49152K, 42% used [0x0000000081800000,0x0000000082c8fdd8,0x0000000084800000)
 Metaspace       used 33196K, capacity 35406K, committed 35456K, reserved 1079296K
  class space    used 4539K, capacity 4977K, committed 4992K, reserved 1048576K
}
Event: 13.705 GC heap before
{Heap before GC invocations=12 (full 2):
 PSYoungGen      total 101376K, used 3047K [0x00000000d5d80000, 0x00000000dce00000, 0x0000000100000000)
  eden space 89600K, 0% used [0x00000000d5d80000,0x00000000d5d80000,0x00000000db500000)
  from space 11776K, 25% used [0x00000000dc080000,0x00000000dc379cf0,0x00000000dcc00000)
  to   space 11776K, 0% used [0x00000000db500000,0x00000000db500000,0x00000000dc080000)
 ParOldGen       total 49152K, used 21055K [0x0000000081800000, 0x0000000084800000, 0x00000000d5d80000)
  object space 49152K, 42% used [0x0000000081800000,0x0000000082c8fdd8,0x0000000084800000)
 Metaspace       used 33196K, capacity 35406K, committed 35456K, reserved 1079296K
  class space    used 4539K, capacity 4977K, committed 4992K, reserved 1048576K
Event: 13.836 GC heap after
Heap after GC invocations=12 (full 2):
 PSYoungGen      total 101376K, used 0K [0x00000000d5d80000, 0x00000000dce00000, 0x0000000100000000)
  eden space 89600K, 0% used [0x00000000d5d80000,0x00000000d5d80000,0x00000000db500000)
  from space 11776K, 0% used [0x00000000dc080000,0x00000000dc080000,0x00000000dcc00000)
  to   space 11776K, 0% used [0x00000000db500000,0x00000000db500000,0x00000000dc080000)
 ParOldGen       total 75264K, used 14609K [0x0000000081800000, 0x0000000086180000, 0x00000000d5d80000)
  object space 75264K, 19% used [0x0000000081800000,0x00000000826446a0,0x0000000086180000)
 Metaspace       used 33196K, capacity 35406K, committed 35456K, reserved 1079296K
  class space    used 4539K, capacity 4977K, committed 4992K, reserved 1048576K
}
Event: 16.491 GC heap before
{Heap before GC invocations=13 (full 2):
 PSYoungGen      total 101376K, used 89600K [0x00000000d5d80000, 0x00000000dce00000, 0x0000000100000000)
  eden space 89600K, 100% used [0x00000000d5d80000,0x00000000db500000,0x00000000db500000)
  from space 11776K, 0% used [0x00000000dc080000,0x00000000dc080000,0x00000000dcc00000)
  to   space 11776K, 0% used [0x00000000db500000,0x00000000db500000,0x00000000dc080000)
 ParOldGen       total 75264K, used 14609K [0x0000000081800000, 0x0000000086180000, 0x00000000d5d80000)
  object space 75264K, 19% used [0x0000000081800000,0x00000000826446a0,0x0000000086180000)
 Metaspace       used 38064K, capacity 40660K, committed 40960K, reserved 1085440K
  class space    used 5310K, capacity 5810K, committed 5888K, reserved 1048576K
Event: 16.520 GC heap after
Heap after GC invocations=13 (full 2):
 PSYoungGen      total 101376K, used 7320K [0x00000000d5d80000, 0x00000000dce00000, 0x0000000100000000)
  eden space 89600K, 0% used [0x00000000d5d80000,0x00000000d5d80000,0x00000000db500000)
  from space 11776K, 62% used [0x00000000db500000,0x00000000dbc262c0,0x00000000dc080000)
  to   space 11776K, 0% used [0x00000000dc080000,0x00000000dc080000,0x00000000dcc00000)
 ParOldGen       total 75264K, used 14617K [0x0000000081800000, 0x0000000086180000, 0x00000000d5d80000)
  object space 75264K, 19% used [0x0000000081800000,0x00000000826466a0,0x0000000086180000)
 Metaspace       used 38064K, capacity 40660K, committed 40960K, reserved 1085440K
  class space    used 5310K, capacity 5810K, committed 5888K, reserved 1048576K
}

Deoptimization events (0 events):
No events

Internal exceptions (10 events):
Event: 22.480 Thread 0x0000000002497800 Exception <a 'java/lang/ArrayIndexOutOfBoundsException'> (0x00000000d8329600) thrown at [C:\re\workspace\8-2-build-windows-amd64-cygwin\jdk8u111\7883\hotspot\src\share\vm\runtime\sharedRuntime.cpp, line 605]
Event: 22.514 Thread 0x0000000002497800 Exception <a 'java/lang/ArrayIndexOutOfBoundsException'> (0x00000000d879b080) thrown at [C:\re\workspace\8-2-build-windows-amd64-cygwin\jdk8u111\7883\hotspot\src\share\vm\runtime\sharedRuntime.cpp, line 605]
Event: 22.514 Thread 0x0000000002497800 Exception <a 'java/lang/ArrayIndexOutOfBoundsException'> (0x00000000d879cd50) thrown at [C:\re\workspace\8-2-build-windows-amd64-cygwin\jdk8u111\7883\hotspot\src\share\vm\runtime\sharedRuntime.cpp, line 605]
Event: 22.515 Thread 0x0000000002497800 Exception <a 'java/lang/ArrayIndexOutOfBoundsException'> (0x00000000d87a3740) thrown at [C:\re\workspace\8-2-build-windows-amd64-cygwin\jdk8u111\7883\hotspot\src\share\vm\runtime\sharedRuntime.cpp, line 605]
Event: 22.522 Thread 0x0000000002497800 Exception <a 'java/lang/ArrayIndexOutOfBoundsException'> (0x00000000d87de5e8) thrown at [C:\re\workspace\8-2-build-windows-amd64-cygwin\jdk8u111\7883\hotspot\src\share\vm\runtime\sharedRuntime.cpp, line 605]
Event: 22.524 Thread 0x0000000002497800 Exception <a 'java/lang/ArrayIndexOutOfBoundsException'> (0x00000000d8802a58) thrown at [C:\re\workspace\8-2-build-windows-amd64-cygwin\jdk8u111\7883\hotspot\src\share\vm\runtime\sharedRuntime.cpp, line 605]
Event: 22.528 Thread 0x0000000002497800 Exception <a 'java/lang/ArrayIndexOutOfBoundsException'> (0x00000000d885d7f0) thrown at [C:\re\workspace\8-2-build-windows-amd64-cygwin\jdk8u111\7883\hotspot\src\share\vm\runtime\sharedRuntime.cpp, line 605]
Event: 22.535 Thread 0x0000000002497800 Exception <a 'java/lang/ArrayIndexOutOfBoundsException'> (0x00000000d8881728) thrown at [C:\re\workspace\8-2-build-windows-amd64-cygwin\jdk8u111\7883\hotspot\src\share\vm\runtime\sharedRuntime.cpp, line 605]
Event: 22.535 Thread 0x0000000002497800 Exception <a 'java/lang/ArrayIndexOutOfBoundsException'> (0x00000000d8884a60) thrown at [C:\re\workspace\8-2-build-windows-amd64-cygwin\jdk8u111\7883\hotspot\src\share\vm\runtime\sharedRuntime.cpp, line 605]
Event: 22.599 Thread 0x0000000002497800 Exception <a 'java/lang/ArrayIndexOutOfBoundsException'> (0x00000000d8b04758) thrown at [C:\re\workspace\8-2-build-windows-amd64-cygwin\jdk8u111\7883\hotspot\src\share\vm\runtime\sharedRuntime.cpp, line 605]

Events (10 events):
Event: 22.685 loading class com/netflix/appinfo/providers/Archaius1VipAddressResolver
Event: 22.685 loading class com/netflix/appinfo/providers/Archaius1VipAddressResolver done
Event: 22.686 loading class com/netflix/appinfo/providers/VipAddressResolver
Event: 22.686 loading class com/netflix/appinfo/providers/VipAddressResolver done
Event: 22.687 loading class com/netflix/discovery/util/StringCache
Event: 22.687 loading class com/netflix/discovery/util/StringCache done
Event: 22.688 loading class com/netflix/appinfo/InstanceInfo$PortType
Event: 22.688 loading class com/netflix/appinfo/InstanceInfo$PortType done
Event: 22.693 loading class com/netflix/discovery/shared/resolver/ResolverUtils
Event: 22.693 loading class com/netflix/discovery/shared/resolver/ResolverUtils done


Dynamic libraries:
0x00007ff692100000 - 0x00007ff692137000 	C:\Program Files\Java\jdk1.8.0_111\bin\java.exe
0x00007ffdd6a50000 - 0x00007ffdd6c48000 	C:\Windows\SYSTEM32\ntdll.dll
0x00007ffdd4f20000 - 0x00007ffdd4fdd000 	C:\Windows\System32\KERNEL32.DLL
0x00007ffdd4350000 - 0x00007ffdd4622000 	C:\Windows\System32\KERNELBASE.dll
0x00007ffdd6720000 - 0x00007ffdd67ce000 	C:\Windows\System32\ADVAPI32.dll
0x00007ffdd5820000 - 0x00007ffdd58be000 	C:\Windows\System32\msvcrt.dll
0x00007ffdd4fe0000 - 0x00007ffdd507c000 	C:\Windows\System32\sechost.dll
0x00007ffdd67d0000 - 0x00007ffdd68f5000 	C:\Windows\System32\RPCRT4.dll
0x00007ffdd5dd0000 - 0x00007ffdd5f6d000 	C:\Windows\System32\USER32.dll
0x00007ffdd4940000 - 0x00007ffdd4962000 	C:\Windows\System32\win32u.dll
0x00007ffdd5da0000 - 0x00007ffdd5dcb000 	C:\Windows\System32\GDI32.dll
0x00007ffdd4830000 - 0x00007ffdd493f000 	C:\Windows\System32\gdi32full.dll
0x00007ffdd4970000 - 0x00007ffdd4a0d000 	C:\Windows\System32\msvcp_win.dll
0x00007ffdd46e0000 - 0x00007ffdd47e0000 	C:\Windows\System32\ucrtbase.dll
0x00007ffdbfec0000 - 0x00007ffdc015a000 	C:\Windows\WinSxS\amd64_microsoft.windows.common-controls_6595b64144ccf1df_6.0.19041.1110_none_60b5254171f9507e\COMCTL32.dll
0x00007ffdd6960000 - 0x00007ffdd6990000 	C:\Windows\System32\IMM32.DLL
0x0000000066b80000 - 0x0000000066c52000 	C:\Program Files\Java\jdk1.8.0_111\jre\bin\msvcr100.dll
0x00000000662e0000 - 0x0000000066b7a000 	C:\Program Files\Java\jdk1.8.0_111\jre\bin\server\jvm.dll
0x00007ffdd6990000 - 0x00007ffdd6998000 	C:\Windows\System32\PSAPI.DLL
0x00007ffdc1f70000 - 0x00007ffdc1f79000 	C:\Windows\SYSTEM32\WSOCK32.dll
0x00007ffdd69a0000 - 0x00007ffdd6a0b000 	C:\Windows\System32\WS2_32.dll
0x00007ffdc2420000 - 0x00007ffdc242a000 	C:\Windows\SYSTEM32\VERSION.dll
0x00007ffdca6b0000 - 0x00007ffdca6d7000 	C:\Windows\SYSTEM32\WINMM.dll
0x00000000662d0000 - 0x00000000662df000 	C:\Program Files\Java\jdk1.8.0_111\jre\bin\verify.dll
0x00000000662a0000 - 0x00000000662c9000 	C:\Program Files\Java\jdk1.8.0_111\jre\bin\java.dll
0x00000000661c0000 - 0x00000000661e3000 	C:\Program Files\Java\jdk1.8.0_111\jre\bin\instrument.dll
0x0000000066280000 - 0x0000000066296000 	C:\Program Files\Java\jdk1.8.0_111\jre\bin\zip.dll
0x00007ffdd5f70000 - 0x00007ffdd66b3000 	C:\Windows\System32\SHELL32.dll
0x00007ffdd1f60000 - 0x00007ffdd26f1000 	C:\Windows\SYSTEM32\windows.storage.dll
0x00007ffdd51a0000 - 0x00007ffdd54f4000 	C:\Windows\System32\combase.dll
0x00007ffdd3a00000 - 0x00007ffdd3a30000 	C:\Windows\SYSTEM32\Wldp.dll
0x00007ffdd5bc0000 - 0x00007ffdd5c6d000 	C:\Windows\System32\SHCORE.dll
0x00007ffdd6900000 - 0x00007ffdd6955000 	C:\Windows\System32\shlwapi.dll
0x00007ffdd40a0000 - 0x00007ffdd40bf000 	C:\Windows\SYSTEM32\profapi.dll
0x00007ffdce3c0000 - 0x00007ffdce3da000 	C:\Program Files\JetBrains\IntelliJ IDEA 2022.2.3\bin\breakgen64.dll
0x0000000066260000 - 0x000000006627a000 	C:\Program Files\Java\jdk1.8.0_111\jre\bin\net.dll
0x00007ffdd37e0000 - 0x00007ffdd384a000 	C:\Windows\system32\mswsock.dll
0x00007ffdd3530000 - 0x00007ffdd35fa000 	C:\Windows\SYSTEM32\DNSAPI.dll
0x00007ffdd34f0000 - 0x00007ffdd352b000 	C:\Windows\SYSTEM32\IPHLPAPI.DLL
0x00007ffdd5ae0000 - 0x00007ffdd5ae8000 	C:\Windows\System32\NSI.dll
0x00007ffdc8720000 - 0x00007ffdc872a000 	C:\Windows\System32\rasadhlp.dll
0x00007ffdcb8c0000 - 0x00007ffdcb940000 	C:\Windows\System32\fwpuclnt.dll
0x00007ffdd4a10000 - 0x00007ffdd4a37000 	C:\Windows\System32\bcrypt.dll
0x0000000066230000 - 0x000000006623d000 	C:\Program Files\Java\jdk1.8.0_111\jre\bin\management.dll
0x0000000066240000 - 0x0000000066251000 	C:\Program Files\Java\jdk1.8.0_111\jre\bin\nio.dll
0x00007ffdd3d60000 - 0x00007ffdd3d78000 	C:\Windows\SYSTEM32\CRYPTSP.dll
0x00007ffdd3120000 - 0x00007ffdd3154000 	C:\Windows\system32\rsaenh.dll
0x00007ffdd4060000 - 0x00007ffdd408e000 	C:\Windows\SYSTEM32\USERENV.dll
0x00007ffdd4160000 - 0x00007ffdd41e2000 	C:\Windows\System32\bcryptprimitives.dll
0x00007ffdd3970000 - 0x00007ffdd397c000 	C:\Windows\SYSTEM32\CRYPTBASE.dll
0x00007ffdcd340000 - 0x00007ffdcd357000 	C:\Windows\SYSTEM32\dhcpcsvc6.DLL
0x00007ffdcd320000 - 0x00007ffdcd33d000 	C:\Windows\SYSTEM32\dhcpcsvc.DLL
0x00007ffd9fba0000 - 0x00007ffd9fbb7000 	C:\Windows\system32\napinsp.dll
0x00007ffd9fb80000 - 0x00007ffd9fb9b000 	C:\Windows\system32\pnrpnsp.dll
0x00007ffdcee90000 - 0x00007ffdceea5000 	C:\Windows\system32\wshbth.dll
0x00007ffdcd8a0000 - 0x00007ffdcd8bd000 	C:\Windows\system32\NLAapi.dll
0x00007ffd9fb60000 - 0x00007ffd9fb72000 	C:\Windows\System32\winrnr.dll
0x0000000066200000 - 0x0000000066224000 	C:\Program Files\Java\jdk1.8.0_111\jre\bin\sunec.dll
0x00000000661f0000 - 0x00000000661fb000 	C:\Program Files\Java\jdk1.8.0_111\jre\bin\sunmscapi.dll
0x00007ffdd41f0000 - 0x00007ffdd4346000 	C:\Windows\System32\CRYPT32.dll

VM Arguments:
jvm_args: -XX:TieredStopAtLevel=1 -Xverify:none -Dspring.output.ansi.enabled=always -Dcom.sun.management.jmxremote -Dspring.jmx.enabled=true -Dspring.liveBeansView.mbeanDomain -Dspring.application.admin.enabled=true -javaagent:C:\Program Files\JetBrains\IntelliJ IDEA 2022.2.3\lib\idea_rt.jar=3856:C:\Program Files\JetBrains\IntelliJ IDEA 2022.2.3\bin -Dfile.encoding=UTF-8 
java_command: org.projet.demo.EurekaServiceApplication
java_class_path (initial): C:\Program Files\Java\jdk1.8.0_111\jre\lib\charsets.jar;C:\Program Files\Java\jdk1.8.0_111\jre\lib\deploy.jar;C:\Program Files\Java\jdk1.8.0_111\jre\lib\ext\access-bridge-64.jar;C:\Program Files\Java\jdk1.8.0_111\jre\lib\ext\cldrdata.jar;C:\Program Files\Java\jdk1.8.0_111\jre\lib\ext\dnsns.jar;C:\Program Files\Java\jdk1.8.0_111\jre\lib\ext\jaccess.jar;C:\Program Files\Java\jdk1.8.0_111\jre\lib\ext\jfxrt.jar;C:\Program Files\Java\jdk1.8.0_111\jre\lib\ext\localedata.jar;C:\Program Files\Java\jdk1.8.0_111\jre\lib\ext\nashorn.jar;C:\Program Files\Java\jdk1.8.0_111\jre\lib\ext\sunec.jar;C:\Program Files\Java\jdk1.8.0_111\jre\lib\ext\sunjce_provider.jar;C:\Program Files\Java\jdk1.8.0_111\jre\lib\ext\sunmscapi.jar;C:\Program Files\Java\jdk1.8.0_111\jre\lib\ext\sunpkcs11.jar;C:\Program Files\Java\jdk1.8.0_111\jre\lib\ext\zipfs.jar;C:\Program Files\Java\jdk1.8.0_111\jre\lib\javaws.jar;C:\Program Files\Java\jdk1.8.0_111\jre\lib\jce.jar;C:\Program Files\Java\jdk1.8.0_111\jre\lib\jfr.jar;C:\Program Files\Java\jdk1.8.0_111\jre\lib\jfxswt.jar;C:\Program Files\Java\jdk1.8.0_111\jre\lib\jsse.jar;C:\Program Files\Java\jdk1.8.0_111\jre\lib\management-agent.jar;C:\Program Files\Java\jdk1.8.0_111\jre\lib\plugin.jar;C:\Program Files\Java\jdk1.8.0_111\jre\lib\resources.jar;C:\Program Files\Java\jdk1.8.0_111\jre\lib\rt.jar;E:\gestion de commande\microservices-gestion-commande\eureka-service\target\classes;C:\Users\HASSNA\.m2\repository\org\springframework\cloud\spring-cloud-starter-netflix-eureka-server\3.1.3\spring-cloud-starter-netflix-eureka-server-3.1.3.jar;C:\Users\HASSNA\.m2\repository\org\springframework\cloud\spring-cloud-starter\3.1.3\spring-cloud-starter-3.1.3.jar;C:\Users\HASSNA\.m2\repository\org\springframework\cloud\spring-cloud-context\3.1.3\spring-cloud-context-3.1.3.jar;C:\Users\HASSNA\.m2\repository\org\springframework\security\spring-security-crypto\5.7.1\spring-security-crypto-5.7.1.jar;C:\Users\HASSNA\.m2\repository\org\springframework\clo
Launcher Type: SUN_STANDARD

Environment Variables:
JAVA_HOME=C:\Program Files\Java\jdk1.8.0_111
PATH=C:\Program Files (x86)\Common Files\Oracle\Java\javapath;C:\Windows\system32;C:\Windows;C:\Windows\System32\Wbem;C:\Windows\System32\WindowsPowerShell\v1.0\;C:\Windows\System32\OpenSSH\;C:\Program Files\nodejs\;C:\Program Files\Git\cmd;C:\Program Files\dotnet\;C:\Program Files\Java\jdk1.8.0_111\bin;C:\Program Files\apache-maven-3.8.6\bin;C:\Program Files\Docker\Docker\resources\bin;C:\ProgramData\DockerDesktop\version-bin;C:\hadoop\bin;C:\hadoop\sbin;C:\kube;C:\Program Files\Kubernetes\Minikube;C:\Users\HASSNA\AppData\Local\Microsoft\WindowsApps;;C:\Program Files\JetBrains\IntelliJ IDEA Community Edition 2022.1.2\bin;;C:\Users\HASSNA\AppData\Local\Programs\Microsoft VS Code\bin;C:\Users\HASSNA\AppData\Roaming\npm;C:\Program Files\JetBrains\IntelliJ IDEA 2022.2.3\bin;
USERNAME=MOHAMED
OS=Windows_NT
PROCESSOR_IDENTIFIER=Intel64 Family 6 Model 69 Stepping 1, GenuineIntel



---------------  S Y S T E M  ---------------

OS: Windows 10.0 , 64 bit Build 19041 (10.0.19041.1889)

CPU:total 4 (2 cores per cpu, 2 threads per core) family 6 model 69 stepping 1, cmov, cx8, fxsr, mmx, sse, sse2, sse3, ssse3, sse4.1, sse4.2, popcnt, avx, avx2, aes, clmul, erms, lzcnt, ht, tsc, tscinvbit, bmi1, bmi2

Memory: 4k page, physical 8283244k(267136k free), swap 26526312k(3724k free)

vm_info: Java HotSpot(TM) 64-Bit Server VM (25.111-b14) for windows-amd64 JRE (1.8.0_111-b14), built on Sep 22 2016 19:24:05 by "java_re" with MS VC++ 10.0 (VS2010)

time: Sat Dec 17 13:43:26 2022
elapsed time: 22 seconds (0d 0h 0m 22s)

