#
# There is insufficient memory for the Java Runtime Environment to continue.
# Native memory allocation (malloc) failed to allocate 906896 bytes for Chunk::new
# Possible reasons:
#   The system is out of physical RAM or swap space
#   In 32 bit mode, the process size limit was hit
# Possible solutions:
#   Reduce memory load on the system
#   Increase physical memory or swap space
#   Check if swap backing store is full
#   Use 64 bit Java on a 64 bit OS
#   Decrease Java heap size (-Xmx/-Xms)
#   Decrease number of Java threads
#   Decrease Java thread stack sizes (-Xss)
#   Set larger code cache with -XX:ReservedCodeCacheSize=
# This output file may be truncated or incomplete.
#
#  Out of Memory Error (allocation.cpp:390), pid=14580, tid=0x0000000000003b20
#
# JRE version: Java(TM) SE Runtime Environment (8.0_111-b14) (build 1.8.0_111-b14)
# Java VM: Java HotSpot(TM) 64-Bit Server VM (25.111-b14 mixed mode windows-amd64 compressed oops)
# Failed to write core dump. Minidumps are not enabled by default on client versions of Windows
#

---------------  T H R E A D  ---------------

Current thread (0x00000000172bf000):  JavaThread "C2 CompilerThread1" daemon [_thread_in_native, id=15136, stack(0x0000000018a70000,0x0000000018b70000)]

Stack: [0x0000000018a70000,0x0000000018b70000]
[error occurred during error reporting (printing stack bounds), id 0xc0000005]

Native frames: (J=compiled Java code, j=interpreted, Vv=VM code, C=native code)


Current CompileTask:
C2:   9765 4005 % !   4       java.util.jar.Attributes::read @ 177 (380 bytes)


---------------  P R O C E S S  ---------------

Java Threads: ( => current thread )
  0x00000000172f9800 JavaThread "Service Thread" daemon [_thread_blocked, id=10528, stack(0x0000000019070000,0x0000000019170000)]
  0x00000000172c5800 JavaThread "C1 CompilerThread2" daemon [_thread_in_native, id=15000, stack(0x0000000018b70000,0x0000000018c70000)]
=>0x00000000172bf000 JavaThread "C2 CompilerThread1" daemon [_thread_in_native, id=15136, stack(0x0000000018a70000,0x0000000018b70000)]
  0x00000000172bc000 JavaThread "C2 CompilerThread0" daemon [_thread_blocked, id=15028, stack(0x0000000018970000,0x0000000018a70000)]
  0x00000000172cb000 JavaThread "Attach Listener" daemon [_thread_blocked, id=7412, stack(0x0000000018870000,0x0000000018970000)]
  0x00000000172c7800 JavaThread "Signal Dispatcher" daemon [_thread_blocked, id=6132, stack(0x0000000018770000,0x0000000018870000)]
  0x000000000276c000 JavaThread "Finalizer" daemon [_thread_blocked, id=8844, stack(0x0000000018540000,0x0000000018640000)]
  0x0000000002761000 JavaThread "Reference Handler" daemon [_thread_blocked, id=14360, stack(0x0000000018440000,0x0000000018540000)]
  0x0000000000d1e800 JavaThread "main" [_thread_in_Java, id=8396, stack(0x0000000002520000,0x0000000002620000)]

Other Threads:
  0x0000000017287800 VMThread [stack: 0x0000000018340000,0x0000000018440000] [id=13700]
  0x00000000172fd800 WatcherThread [stack: 0x0000000019170000,0x0000000019270000] [id=14584]

VM state:not at safepoint (normal execution)

VM Mutex/Monitor currently owned by a thread: None

Heap:
 PSYoungGen      total 146944K, used 34604K [0x00000000d5d80000, 0x00000000e7e80000, 0x0000000100000000)
  eden space 133120K, 16% used [0x00000000d5d80000,0x00000000d7365060,0x00000000ddf80000)
  from space 13824K, 88% used [0x00000000ddf80000,0x00000000deb66060,0x00000000ded00000)
  to   space 14848K, 0% used [0x00000000e7000000,0x00000000e7000000,0x00000000e7e80000)
 ParOldGen       total 87552K, used 19582K [0x0000000081800000, 0x0000000086d80000, 0x00000000d5d80000)
  object space 87552K, 22% used [0x0000000081800000,0x0000000082b1f9c8,0x0000000086d80000)
 Metaspace       used 20154K, capacity 20822K, committed 20992K, reserved 1067008K
  class space    used 2284K, capacity 2486K, committed 2560K, reserved 1048576K

Card table byte_map: [0x0000000011b30000,0x0000000011f30000] byte_map_base: 0x0000000011724000

Marking Bits: (ParMarkBitMap*) 0x000000005202a6c0
 Begin Bits: [0x00000000125e0000, 0x0000000014580000)
 End Bits:   [0x0000000014580000, 0x0000000016520000)

Polling page: 0x00000000007b0000

CodeCache: size=245760Kb used=12732Kb max_used=14316Kb free=233027Kb
 bounds [0x0000000002770000, 0x0000000003580000, 0x0000000011770000]
 total_blobs=4061 nmethods=3671 adapters=302
 compilation: enabled

Compilation events (10 events):
Event: 9.758 Thread 0x00000000172c5800 nmethod 4021 0x0000000002a8cd10 code [0x0000000002a8ce60, 0x0000000002a8cf90]
Event: 9.758 Thread 0x00000000172c5800 4022       3       java.net.URI::access$1300 (4 bytes)
Event: 9.758 Thread 0x00000000172c5800 nmethod 4022 0x0000000002aa8150 code [0x0000000002aa82a0, 0x0000000002aa83d0]
Event: 9.758 Thread 0x00000000172c5800 4023       3       java.net.URI::access$1402 (7 bytes)
Event: 9.758 Thread 0x00000000172c5800 nmethod 4023 0x000000000287b290 code [0x000000000287b3e0, 0x000000000287b530]
Event: 9.758 Thread 0x00000000172c5800 4024   !   3       java.io.File::toURI (69 bytes)
Event: 9.760 Thread 0x00000000172c5800 nmethod 4024 0x0000000002d278d0 code [0x0000000002d27b40, 0x0000000002d289d8]
Event: 9.760 Thread 0x00000000172c5800 4025       3       java.net.URI::toString (60 bytes)
Event: 9.762 Thread 0x00000000172c5800 nmethod 4025 0x00000000029e3d10 code [0x00000000029e3f80, 0x00000000029e5498]
Event: 9.762 Thread 0x00000000172c5800 4026       3       java.net.URI::appendAuthority (278 bytes)

GC Heap History (10 events):
Event: 3.217 GC heap before
{Heap before GC invocations=3 (full 0):
 PSYoungGen      total 38400K, used 38373K [0x00000000d5d80000, 0x00000000da880000, 0x0000000100000000)
  eden space 33280K, 100% used [0x00000000d5d80000,0x00000000d7e00000,0x00000000d7e00000)
  from space 5120K, 99% used [0x00000000d8300000,0x00000000d87f95d8,0x00000000d8800000)
  to   space 5120K, 0% used [0x00000000d7e00000,0x00000000d7e00000,0x00000000d8300000)
 ParOldGen       total 87552K, used 2754K [0x0000000081800000, 0x0000000086d80000, 0x00000000d5d80000)
  object space 87552K, 3% used [0x0000000081800000,0x0000000081ab0b90,0x0000000086d80000)
 Metaspace       used 14948K, capacity 15252K, committed 15488K, reserved 1062912K
  class space    used 1818K, capacity 1912K, committed 1920K, reserved 1048576K
Event: 3.238 GC heap after
Heap after GC invocations=3 (full 0):
 PSYoungGen      total 38400K, used 5104K [0x00000000d5d80000, 0x00000000da880000, 0x0000000100000000)
  eden space 33280K, 0% used [0x00000000d5d80000,0x00000000d5d80000,0x00000000d7e00000)
  from space 5120K, 99% used [0x00000000d7e00000,0x00000000d82fc030,0x00000000d8300000)
  to   space 5120K, 0% used [0x00000000da380000,0x00000000da380000,0x00000000da880000)
 ParOldGen       total 87552K, used 5625K [0x0000000081800000, 0x0000000086d80000, 0x00000000d5d80000)
  object space 87552K, 6% used [0x0000000081800000,0x0000000081d7e400,0x0000000086d80000)
 Metaspace       used 14948K, capacity 15252K, committed 15488K, reserved 1062912K
  class space    used 1818K, capacity 1912K, committed 1920K, reserved 1048576K
}
Event: 3.802 GC heap before
{Heap before GC invocations=4 (full 0):
 PSYoungGen      total 38400K, used 38384K [0x00000000d5d80000, 0x00000000da880000, 0x0000000100000000)
  eden space 33280K, 100% used [0x00000000d5d80000,0x00000000d7e00000,0x00000000d7e00000)
  from space 5120K, 99% used [0x00000000d7e00000,0x00000000d82fc030,0x00000000d8300000)
  to   space 5120K, 0% used [0x00000000da380000,0x00000000da380000,0x00000000da880000)
 ParOldGen       total 87552K, used 5625K [0x0000000081800000, 0x0000000086d80000, 0x00000000d5d80000)
  object space 87552K, 6% used [0x0000000081800000,0x0000000081d7e400,0x0000000086d80000)
 Metaspace       used 15515K, capacity 15852K, committed 16128K, reserved 1062912K
  class space    used 1861K, capacity 1980K, committed 2048K, reserved 1048576K
Event: 3.829 GC heap after
Heap after GC invocations=4 (full 0):
 PSYoungGen      total 71680K, used 5088K [0x00000000d5d80000, 0x00000000da880000, 0x0000000100000000)
  eden space 66560K, 0% used [0x00000000d5d80000,0x00000000d5d80000,0x00000000d9e80000)
  from space 5120K, 99% used [0x00000000da380000,0x00000000da878040,0x00000000da880000)
  to   space 5120K, 0% used [0x00000000d9e80000,0x00000000d9e80000,0x00000000da380000)
 ParOldGen       total 87552K, used 10085K [0x0000000081800000, 0x0000000086d80000, 0x00000000d5d80000)
  object space 87552K, 11% used [0x0000000081800000,0x00000000821d9630,0x0000000086d80000)
 Metaspace       used 15515K, capacity 15852K, committed 16128K, reserved 1062912K
  class space    used 1861K, capacity 1980K, committed 2048K, reserved 1048576K
}
Event: 5.078 GC heap before
{Heap before GC invocations=5 (full 0):
 PSYoungGen      total 71680K, used 71648K [0x00000000d5d80000, 0x00000000da880000, 0x0000000100000000)
  eden space 66560K, 100% used [0x00000000d5d80000,0x00000000d9e80000,0x00000000d9e80000)
  from space 5120K, 99% used [0x00000000da380000,0x00000000da878040,0x00000000da880000)
  to   space 5120K, 0% used [0x00000000d9e80000,0x00000000d9e80000,0x00000000da380000)
 ParOldGen       total 87552K, used 10085K [0x0000000081800000, 0x0000000086d80000, 0x00000000d5d80000)
  object space 87552K, 11% used [0x0000000081800000,0x00000000821d9630,0x0000000086d80000)
 Metaspace       used 16053K, capacity 16400K, committed 16640K, reserved 1064960K
  class space    used 1866K, capacity 1986K, committed 2048K, reserved 1048576K
Event: 5.183 GC heap after
Heap after GC invocations=5 (full 0):
 PSYoungGen      total 71680K, used 5104K [0x00000000d5d80000, 0x00000000dfa80000, 0x0000000100000000)
  eden space 66560K, 0% used [0x00000000d5d80000,0x00000000d5d80000,0x00000000d9e80000)
  from space 5120K, 99% used [0x00000000d9e80000,0x00000000da37c050,0x00000000da380000)
  to   space 13824K, 0% used [0x00000000ded00000,0x00000000ded00000,0x00000000dfa80000)
 ParOldGen       total 87552K, used 18227K [0x0000000081800000, 0x0000000086d80000, 0x00000000d5d80000)
  object space 87552K, 20% used [0x0000000081800000,0x00000000829cce48,0x0000000086d80000)
 Metaspace       used 16053K, capacity 16400K, committed 16640K, reserved 1064960K
  class space    used 1866K, capacity 1986K, committed 2048K, reserved 1048576K
}
Event: 7.275 GC heap before
{Heap before GC invocations=6 (full 0):
 PSYoungGen      total 71680K, used 66154K [0x00000000d5d80000, 0x00000000dfa80000, 0x0000000100000000)
  eden space 66560K, 91% used [0x00000000d5d80000,0x00000000d991e828,0x00000000d9e80000)
  from space 5120K, 99% used [0x00000000d9e80000,0x00000000da37c050,0x00000000da380000)
  to   space 13824K, 0% used [0x00000000ded00000,0x00000000ded00000,0x00000000dfa80000)
 ParOldGen       total 87552K, used 18227K [0x0000000081800000, 0x0000000086d80000, 0x00000000d5d80000)
  object space 87552K, 20% used [0x0000000081800000,0x00000000829cce48,0x0000000086d80000)
 Metaspace       used 17579K, capacity 17960K, committed 18048K, reserved 1064960K
  class space    used 2000K, capacity 2122K, committed 2176K, reserved 1048576K
Event: 7.334 GC heap after
Heap after GC invocations=6 (full 0):
 PSYoungGen      total 146944K, used 9907K [0x00000000d5d80000, 0x00000000dfa80000, 0x0000000100000000)
  eden space 133120K, 0% used [0x00000000d5d80000,0x00000000d5d80000,0x00000000ddf80000)
  from space 13824K, 71% used [0x00000000ded00000,0x00000000df6acfa8,0x00000000dfa80000)
  to   space 13824K, 0% used [0x00000000ddf80000,0x00000000ddf80000,0x00000000ded00000)
 ParOldGen       total 87552K, used 18235K [0x0000000081800000, 0x0000000086d80000, 0x00000000d5d80000)
  object space 87552K, 20% used [0x0000000081800000,0x00000000829cee48,0x0000000086d80000)
 Metaspace       used 17579K, capacity 17960K, committed 18048K, reserved 1064960K
  class space    used 2000K, capacity 2122K, committed 2176K, reserved 1048576K
}
Event: 9.486 GC heap before
{Heap before GC invocations=7 (full 0):
 PSYoungGen      total 146944K, used 143024K [0x00000000d5d80000, 0x00000000dfa80000, 0x0000000100000000)
  eden space 133120K, 99% used [0x00000000d5d80000,0x00000000ddf7f300,0x00000000ddf80000)
  from space 13824K, 71% used [0x00000000ded00000,0x00000000df6acfa8,0x00000000dfa80000)
  to   space 13824K, 0% used [0x00000000ddf80000,0x00000000ddf80000,0x00000000ded00000)
 ParOldGen       total 87552K, used 18235K [0x0000000081800000, 0x0000000086d80000, 0x00000000d5d80000)
  object space 87552K, 20% used [0x0000000081800000,0x00000000829cee48,0x0000000086d80000)
 Metaspace       used 20138K, capacity 20822K, committed 20992K, reserved 1067008K
  class space    used 2284K, capacity 2486K, committed 2560K, reserved 1048576K
Event: 9.535 GC heap after
Heap after GC invocations=7 (full 0):
 PSYoungGen      total 146944K, used 12184K [0x00000000d5d80000, 0x00000000e7e80000, 0x0000000100000000)
  eden space 133120K, 0% used [0x00000000d5d80000,0x00000000d5d80000,0x00000000ddf80000)
  from space 13824K, 88% used [0x00000000ddf80000,0x00000000deb66060,0x00000000ded00000)
  to   space 14848K, 0% used [0x00000000e7000000,0x00000000e7000000,0x00000000e7e80000)
 ParOldGen       total 87552K, used 19582K [0x0000000081800000, 0x0000000086d80000, 0x00000000d5d80000)
  object space 87552K, 22% used [0x0000000081800000,0x0000000082b1f9c8,0x0000000086d80000)
 Metaspace       used 20138K, capacity 20822K, committed 20992K, reserved 1067008K
  class space    used 2284K, capacity 2486K, committed 2560K, reserved 1048576K
}

Deoptimization events (10 events):
Event: 9.088 Thread 0x0000000000d1e800 Uncommon trap: reason=array_check action=maybe_recompile pc=0x00000000034fd598 method=java.util.TimSort.binarySort([Ljava/lang/Object;IIILjava/util/Comparator;)V @ 183
Event: 9.088 Thread 0x0000000000d1e800 Uncommon trap: reason=array_check action=maybe_recompile pc=0x00000000034fd4d0 method=java.util.TimSort.binarySort([Ljava/lang/Object;IIILjava/util/Comparator;)V @ 193
Event: 9.142 Thread 0x0000000000d1e800 Uncommon trap: reason=array_check action=maybe_recompile pc=0x000000000350a7e4 method=java.util.TimSort.binarySort([Ljava/lang/Object;IIILjava/util/Comparator;)V @ 215
Event: 9.142 Thread 0x0000000000d1e800 Uncommon trap: reason=array_check action=maybe_recompile pc=0x000000000350a7e4 method=java.util.TimSort.binarySort([Ljava/lang/Object;IIILjava/util/Comparator;)V @ 215
Event: 9.144 Thread 0x0000000000d1e800 Uncommon trap: reason=unstable_if action=reinterpret pc=0x0000000002c7a12c method=com.google.inject.internal.MoreTypes.canonicalize(Ljava/lang/reflect/Type;)Ljava/lang/reflect/Type; @ 16
Event: 9.144 Thread 0x0000000000d1e800 Uncommon trap: reason=class_check action=maybe_recompile pc=0x0000000002c5692c method=com.google.inject.internal.MoreTypes.getRawType(Ljava/lang/reflect/Type;)Ljava/lang/Class; @ 13
Event: 9.144 Thread 0x0000000000d1e800 Uncommon trap: reason=unstable_if action=reinterpret pc=0x0000000002c5955c method=com.google.inject.internal.MoreTypes.canonicalize(Ljava/lang/reflect/Type;)Ljava/lang/reflect/Type; @ 16
Event: 9.144 Thread 0x0000000000d1e800 Uncommon trap: reason=class_check action=maybe_recompile pc=0x0000000002c5692c method=com.google.inject.internal.MoreTypes.getRawType(Ljava/lang/reflect/Type;)Ljava/lang/Class; @ 13
Event: 9.149 Thread 0x0000000000d1e800 Uncommon trap: reason=class_check action=maybe_recompile pc=0x0000000002c5692c method=com.google.inject.internal.MoreTypes.getRawType(Ljava/lang/reflect/Type;)Ljava/lang/Class; @ 13
Event: 9.423 Thread 0x0000000000d1e800 Uncommon trap: reason=unstable_if action=reinterpret pc=0x00000000034d3418 method=java.util.jar.Attributes$Name.isAlpha(C)Z @ 21

Internal exceptions (10 events):
Event: 3.462 Thread 0x0000000000d1e800 Implicit null exception at 0x00000000029d4f95 to 0x00000000029d516d
Event: 3.462 Thread 0x0000000000d1e800 Implicit null exception at 0x0000000002b3d75b to 0x0000000002b3dbc9
Event: 3.702 Thread 0x0000000000d1e800 Implicit null exception at 0x0000000002f1cae7 to 0x0000000002f1de0d
Event: 4.875 Thread 0x0000000000d1e800 Implicit null exception at 0x0000000003151320 to 0x0000000003151859
Event: 5.985 Thread 0x0000000000d1e800 Implicit null exception at 0x0000000002a4f42f to 0x0000000002a4f499
Event: 7.716 Thread 0x0000000000d1e800 Exception <a 'java/lang/ClassNotFoundException': com/sun/tools/javac/api/JavacTool> (0x00000000d93eedd0) thrown at [C:\re\workspace\8-2-build-windows-amd64-cygwin\jdk8u111\7883\hotspot\src\share\vm\classfile\systemDictionary.cpp, line 210]
Event: 9.085 Thread 0x0000000000d1e800 Exception <a 'java/lang/NoClassDefFoundError': org/sonatype/aether/graph/DependencyNode> (0x00000000dba9a128) thrown at [C:\re\workspace\8-2-build-windows-amd64-cygwin\jdk8u111\7883\hotspot\src\share\vm\classfile\systemDictionary.cpp, line 199]
Event: 9.282 Thread 0x0000000000d1e800 Exception <a 'java/lang/NoSuchFieldError': method resolution failed> (0x00000000dbcbec78) thrown at [C:\re\workspace\8-2-build-windows-amd64-cygwin\jdk8u111\7883\hotspot\src\share\vm\prims\methodHandles.cpp, line 1146]
Event: 9.295 Thread 0x0000000000d1e800 Exception <a 'java/lang/NoSuchFieldError': method resolution failed> (0x00000000dbccc338) thrown at [C:\re\workspace\8-2-build-windows-amd64-cygwin\jdk8u111\7883\hotspot\src\share\vm\prims\methodHandles.cpp, line 1146]
Event: 9.364 Thread 0x0000000000d1e800 Exception <a 'java/lang/NoSuchMethodError': java.lang.Object.lambda$comparing$77a9974f$1(Ljava/util/function/Function;Ljava/lang/Object;Ljava/lang/Object;)I> (0x00000000dbd5c698) thrown at [C:\re\workspace\8-2-build-windows-amd64-cygwin\jdk8u111\7883\hots

Events (10 events):
Event: 9.585 Thread 0x00000000172bf000 flushing nmethod 0x0000000002e8c590
Event: 9.585 Thread 0x00000000172bf000 flushing nmethod 0x0000000002e8d710
Event: 9.585 Thread 0x00000000172bf000 flushing nmethod 0x0000000002e91490
Event: 9.585 Thread 0x00000000172bf000 flushing nmethod 0x0000000002e96790
Event: 9.585 Thread 0x00000000172bf000 flushing nmethod 0x0000000002e97210
Event: 9.589 Thread 0x00000000172bc000 flushing nmethod 0x0000000002f1c690
Event: 9.589 Thread 0x00000000172bc000 flushing nmethod 0x0000000002f3a550
Event: 9.589 Thread 0x00000000172bc000 flushing nmethod 0x0000000002f4c290
Event: 9.628 Thread 0x00000000172c5800 flushing nmethod 0x00000000030cdbd0
Event: 9.628 Thread 0x00000000172c5800 flushing nmethod 0x0000000003150fd0


Dynamic libraries:
0x00007ff705220000 - 0x00007ff705257000 	C:\Program Files\Java\jdk1.8.0_111\bin\java.exe
0x00007ffa4acf0000 - 0x00007ffa4aee8000 	C:\Windows\SYSTEM32\ntdll.dll
0x00007ffa49850000 - 0x00007ffa4990d000 	C:\Windows\System32\KERNEL32.DLL
0x00007ffa489b0000 - 0x00007ffa48c82000 	C:\Windows\System32\KERNELBASE.dll
0x00007ffa49910000 - 0x00007ffa499be000 	C:\Windows\System32\ADVAPI32.dll
0x00007ffa49c60000 - 0x00007ffa49cfe000 	C:\Windows\System32\msvcrt.dll
0x00007ffa49750000 - 0x00007ffa497ec000 	C:\Windows\System32\sechost.dll
0x00007ffa4ab60000 - 0x00007ffa4ac85000 	C:\Windows\System32\RPCRT4.dll
0x00007ffa48f10000 - 0x00007ffa490ad000 	C:\Windows\System32\USER32.dll
0x00007ffa48c90000 - 0x00007ffa48cb2000 	C:\Windows\System32\win32u.dll
0x00007ffa4a630000 - 0x00007ffa4a65b000 	C:\Windows\System32\GDI32.dll
0x00007ffa48430000 - 0x00007ffa4853f000 	C:\Windows\System32\gdi32full.dll
0x00007ffa488c0000 - 0x00007ffa4895d000 	C:\Windows\System32\msvcp_win.dll
0x00007ffa48540000 - 0x00007ffa48640000 	C:\Windows\System32\ucrtbase.dll
0x00007ffa37810000 - 0x00007ffa37aaa000 	C:\Windows\WinSxS\amd64_microsoft.windows.common-controls_6595b64144ccf1df_6.0.19041.1110_none_60b5254171f9507e\COMCTL32.dll
0x00007ffa49c30000 - 0x00007ffa49c60000 	C:\Windows\System32\IMM32.DLL
0x00000000520b0000 - 0x0000000052182000 	C:\Program Files\Java\jdk1.8.0_111\jre\bin\msvcr100.dll
0x0000000051810000 - 0x00000000520aa000 	C:\Program Files\Java\jdk1.8.0_111\jre\bin\server\jvm.dll
0x00007ffa4a510000 - 0x00007ffa4a518000 	C:\Windows\System32\PSAPI.DLL
0x00007ffa33c20000 - 0x00007ffa33c2a000 	C:\Windows\SYSTEM32\VERSION.dll
0x00007ffa29310000 - 0x00007ffa29337000 	C:\Windows\SYSTEM32\WINMM.dll
0x00007ffa41b90000 - 0x00007ffa41b99000 	C:\Windows\SYSTEM32\WSOCK32.dll
0x00007ffa499c0000 - 0x00007ffa49a2b000 	C:\Windows\System32\WS2_32.dll
0x0000000052f20000 - 0x0000000052f2f000 	C:\Program Files\Java\jdk1.8.0_111\jre\bin\verify.dll
0x00000000517e0000 - 0x0000000051809000 	C:\Program Files\Java\jdk1.8.0_111\jre\bin\java.dll
0x0000000052f00000 - 0x0000000052f16000 	C:\Program Files\Java\jdk1.8.0_111\jre\bin\zip.dll
0x00007ffa49d00000 - 0x00007ffa4a443000 	C:\Windows\System32\SHELL32.dll
0x00007ffa46120000 - 0x00007ffa468b1000 	C:\Windows\SYSTEM32\windows.storage.dll
0x00007ffa4a710000 - 0x00007ffa4aa64000 	C:\Windows\System32\combase.dll
0x00007ffa47ca0000 - 0x00007ffa47cd0000 	C:\Windows\SYSTEM32\Wldp.dll
0x00007ffa4a660000 - 0x00007ffa4a70d000 	C:\Windows\System32\SHCORE.dll
0x00007ffa4a4b0000 - 0x00007ffa4a505000 	C:\Windows\System32\shlwapi.dll
0x00007ffa48340000 - 0x00007ffa4835f000 	C:\Windows\SYSTEM32\profapi.dll
0x0000000069ac0000 - 0x0000000069ae4000 	C:\Program Files\apache-maven-3.8.6\lib\jansi-native\Windows\x86_64\jansi.dll
0x00000000517c0000 - 0x00000000517da000 	C:\Program Files\Java\jdk1.8.0_111\jre\bin\net.dll
0x00007ffa47a80000 - 0x00007ffa47aea000 	C:\Windows\system32\mswsock.dll
0x00000000517a0000 - 0x00000000517b1000 	C:\Program Files\Java\jdk1.8.0_111\jre\bin\nio.dll

VM Arguments:
jvm_args: -Dclassworlds.conf=C:/Program Files/apache-maven-3.8.6/bin/m2.conf -Dmaven.home=C:/Program Files/apache-maven-3.8.6 -Dlibrary.jansi.path=C:/Program Files/apache-maven-3.8.6/lib/jansi-native -Dmaven.multiModuleProjectDirectory=E:/gestion de commande/microservices-gestion-commande/budget-service 
java_command: org.codehaus.plexus.classworlds.launcher.Launcher spring-boot:run
java_class_path (initial): C:/Program Files/apache-maven-3.8.6/boot/plexus-classworlds-2.6.0.jar
Launcher Type: SUN_STANDARD

Environment Variables:
JAVA_HOME=C:/Program Files/Java/jdk1.8.0_111
PATH=C:\Users\HASSNA\bin;C:\Program Files\Git\mingw64\bin;C:\Program Files\Git\usr\local\bin;C:\Program Files\Git\usr\bin;C:\Program Files\Git\usr\bin;C:\Program Files\Git\mingw64\bin;C:\Program Files\Git\usr\bin;C:\Users\HASSNA\bin;C:\Program Files (x86)\Common Files\Oracle\Java\javapath;C:\Windows\system32;C:\Windows;C:\Windows\System32\Wbem;C:\Windows\System32\WindowsPowerShell\v1.0;C:\Windows\System32\OpenSSH;C:\Program Files\nodejs;C:\Program Files\Git\cmd;C:\Program Files\dotnet;C:\Program Files\Java\jdk1.8.0_111\bin;C:\Program Files\apache-maven-3.8.6\bin;C:\Program Files\Docker\Docker\resources\bin;C:\ProgramData\DockerDesktop\version-bin;C:\hadoop\bin;C:\hadoop\sbin;C:\kube;C:\Program Files\Kubernetes\Minikube;C:\apache-cassandra-3.11.14\bin;C:\Users\HASSNA\AppData\Local\Microsoft\WindowsApps;C:\Program Files\JetBrains\IntelliJ IDEA Community Edition 2022.1.2\bin;C:\Users\HASSNA\AppData\Local\Programs\Microsoft VS Code\bin;C:\Users\HASSNA\AppData\Roaming\npm;C:\Program Files\JetBrains\IntelliJ IDEA 2022.2.3\bin;C:\Program Files\Git\usr\bin\vendor_perl;C:\Program Files\Git\usr\bin\core_perl
USERNAME=MOHAMED
SHELL=C:\Program Files\Git\usr\bin\bash.exe
DISPLAY=needs-to-be-defined
OS=Windows_NT
PROCESSOR_IDENTIFIER=Intel64 Family 6 Model 69 Stepping 1, GenuineIntel



---------------  S Y S T E M  ---------------

OS: Windows 10.0 , 64 bit Build 19041 (10.0.19041.1889)

CPU:total 4 (2 cores per cpu, 2 threads per core) family 6 model 69 stepping 1, cmov, cx8, fxsr, mmx, sse, sse2, sse3, ssse3, sse4.1, sse4.2, popcnt, avx, avx2, aes, clmul, erms, lzcnt, ht, tsc, tscinvbit, bmi1, bmi2

Memory: 4k page, physical 8283244k(227704k free), swap 21142120k(4800k free)

vm_info: Java HotSpot(TM) 64-Bit Server VM (25.111-b14) for windows-amd64 JRE (1.8.0_111-b14), built on Sep 22 2016 19:24:05 by "java_re" with MS VC++ 10.0 (VS2010)

time: Mon Jan 09 16:07:08 2023
elapsed time: 9 seconds (0d 0h 0m 9s)

