[INFO] Scanning for projects...
[INFO] 
[INFO] -------------------------< com:budget-service >-------------------------
[INFO] Building budget-service 0.0.1-SNAPSHOT
[INFO] --------------------------------[ jar ]---------------------------------
[INFO] 
[INFO] >>> spring-boot-maven-plugin:2.7.2:run (default-cli) > test-compile @ budget-service >>>
[INFO] 
[INFO] --- maven-resources-plugin:3.2.0:resources (default-resources) @ budget-service ---
[INFO] Using 'UTF-8' encoding to copy filtered resources.
[INFO] Using 'UTF-8' encoding to copy filtered properties files.
[INFO] Copying 1 resource
[INFO] Copying 0 resource
[INFO] 
[INFO] --- maven-compiler-plugin:3.10.1:compile (default-compile) @ budget-service ---
[INFO] Nothing to compile - all classes are up to date
[INFO] 
[INFO] --- maven-resources-plugin:3.2.0:testResources (default-testResources) @ budget-service ---
[INFO] Using 'UTF-8' encoding to copy filtered resources.
[INFO] Using 'UTF-8' encoding to copy filtered properties files.
[INFO] skip non existing resourceDirectory E:\gestion de commande\microservices-gestion-commande\budget-service\src\test\resources
[INFO] 
[INFO] --- maven-compiler-plugin:3.10.1:testCompile (default-testCompile) @ budget-service ---
[INFO] Nothing to compile - all classes are up to date
[INFO] 
[INFO] <<< spring-boot-maven-plugin:2.7.2:run (default-cli) < test-compile @ budget-service <<<
[INFO] 
[INFO] 
[INFO] --- spring-boot-maven-plugin:2.7.2:run (default-cli) @ budget-service ---
[INFO] Attaching agents: []
11:04:33.492 [Thread-0] DEBUG org.springframework.boot.devtools.restart.classloader.RestartClassLoader - Created RestartClassLoader org.springframework.boot.devtools.restart.classloader.RestartClassLoader@41f005bd

  .   ____          _            __ _ _
 /\\ / ___'_ __ _ _(_)_ __  __ _ \ \ \ \
( ( )\___ | '_ | '_| | '_ \/ _` | \ \ \ \
 \\/  ___)| |_)| | | | | || (_| |  ) ) ) )
  '  |____| .__|_| |_|_| |_\__, | / / / /
 =========|_|==============|___/=/_/_/_/
 :: Spring Boot ::                (v2.7.2)

2023-02-20 11:04:36.260  INFO 1808 --- [  restartedMain] c.b.BudgetServiceApplication             : Starting BudgetServiceApplication using Java 1.8.0_111 on DESKTOP-KABIDFP with PID 1808 (E:\gestion de commande\microservices-gestion-commande\budget-service\target\classes started by MOHAMED in E:\gestion de commande\microservices-gestion-commande\budget-service)
2023-02-20 11:04:36.260  INFO 1808 --- [  restartedMain] c.b.BudgetServiceApplication             : No active profile set, falling back to 1 default profile: "default"
2023-02-20 11:04:36.344  INFO 1808 --- [  restartedMain] .e.DevToolsPropertyDefaultsPostProcessor : Devtools property defaults active! Set 'spring.devtools.add-properties' to 'false' to disable
2023-02-20 11:04:36.344  INFO 1808 --- [  restartedMain] .e.DevToolsPropertyDefaultsPostProcessor : For additional web related logging consider setting the 'logging.level.web' property to 'DEBUG'
2023-02-20 11:04:38.698  INFO 1808 --- [  restartedMain] .s.d.r.c.RepositoryConfigurationDelegate : Bootstrapping Spring Data JPA repositories in DEFAULT mode.
2023-02-20 11:04:38.817  INFO 1808 --- [  restartedMain] .s.d.r.c.RepositoryConfigurationDelegate : Finished Spring Data repository scanning in 103 ms. Found 1 JPA repository interfaces.
2023-02-20 11:04:39.416  INFO 1808 --- [  restartedMain] o.s.cloud.context.scope.GenericScope     : BeanFactory id=b0edbf93-0de7-3c07-98c6-0b1fbd6689fb
2023-02-20 11:04:39.638  INFO 1808 --- [  restartedMain] trationDelegate$BeanPostProcessorChecker : Bean 'org.springframework.ws.config.annotation.DelegatingWsConfiguration' of type [org.springframework.ws.config.annotation.DelegatingWsConfiguration$$EnhancerBySpringCGLIB$$b9d52e54] is not eligible for getting processed by all BeanPostProcessors (for example: not eligible for auto-proxying)
2023-02-20 11:04:39.763  INFO 1808 --- [  restartedMain] .w.s.a.s.AnnotationActionEndpointMapping : Supporting [WS-Addressing August 2004, WS-Addressing 1.0]
2023-02-20 11:04:41.626  INFO 1808 --- [  restartedMain] o.s.b.w.embedded.tomcat.TomcatWebServer  : Tomcat initialized with port(s): 8087 (http)
2023-02-20 11:04:41.646  INFO 1808 --- [  restartedMain] o.apache.catalina.core.StandardService   : Starting service [Tomcat]
2023-02-20 11:04:41.647  INFO 1808 --- [  restartedMain] org.apache.catalina.core.StandardEngine  : Starting Servlet engine: [Apache Tomcat/9.0.65]
2023-02-20 11:04:41.861  INFO 1808 --- [  restartedMain] o.a.c.c.C.[Tomcat].[localhost].[/]       : Initializing Spring embedded WebApplicationContext
2023-02-20 11:04:41.861  INFO 1808 --- [  restartedMain] w.s.c.ServletWebServerApplicationContext : Root WebApplicationContext: initialization completed in 5517 ms
2023-02-20 11:04:42.394  INFO 1808 --- [  restartedMain] o.hibernate.jpa.internal.util.LogHelper  : HHH000204: Processing PersistenceUnitInfo [name: default]
2023-02-20 11:04:42.626  INFO 1808 --- [  restartedMain] org.hibernate.Version                    : HHH000412: Hibernate ORM core version 5.6.10.Final
2023-02-20 11:04:42.858  INFO 1808 --- [  restartedMain] o.hibernate.annotations.common.Version   : HCANN000001: Hibernate Commons Annotations {5.1.2.Final}
2023-02-20 11:04:43.058  INFO 1808 --- [  restartedMain] com.zaxxer.hikari.HikariDataSource       : HikariPool-1 - Starting...
2023-02-20 11:04:44.422  INFO 1808 --- [  restartedMain] com.zaxxer.hikari.HikariDataSource       : HikariPool-1 - Start completed.
2023-02-20 11:04:44.445  INFO 1808 --- [  restartedMain] org.hibernate.dialect.Dialect            : HHH000400: Using dialect: org.hibernate.dialect.MySQL8Dialect
2023-02-20 11:04:45.601  INFO 1808 --- [  restartedMain] o.h.e.t.j.p.i.JtaPlatformInitiator       : HHH000490: Using JtaPlatform implementation: [org.hibernate.engine.transaction.jta.platform.internal.NoJtaPlatform]
2023-02-20 11:04:45.607  INFO 1808 --- [  restartedMain] j.LocalContainerEntityManagerFactoryBean : Initialized JPA EntityManagerFactory for persistence unit 'default'
2023-02-20 11:04:46.448  WARN 1808 --- [  restartedMain] JpaBaseConfiguration$JpaWebConfiguration : spring.jpa.open-in-view is enabled by default. Therefore, database queries may be performed during view rendering. Explicitly configure spring.jpa.open-in-view to disable this warning
2023-02-20 11:04:50.031  INFO 1808 --- [  restartedMain] o.s.b.d.a.OptionalLiveReloadServer       : LiveReload server is running on port 35729
2023-02-20 11:04:51.571  INFO 1808 --- [  restartedMain] DiscoveryClientOptionalArgsConfiguration : Eureka HTTP Client uses RestTemplate.
2023-02-20 11:04:53.105  WARN 1808 --- [  restartedMain] iguration$LoadBalancerCaffeineWarnLogger : Spring Cloud LoadBalancer is currently working with the default cache. While this cache implementation is useful for development and tests, it's recommended to use Caffeine cache in production.You can switch to using Caffeine cache, by adding it and org.springframework.cache.caffeine.CaffeineCacheManager to the classpath.
2023-02-20 11:04:53.221  INFO 1808 --- [  restartedMain] o.s.c.n.eureka.InstanceInfoFactory       : Setting initial instance status as: STARTING
2023-02-20 11:04:53.343  INFO 1808 --- [  restartedMain] com.netflix.discovery.DiscoveryClient    : Initializing Eureka in region us-east-1
2023-02-20 11:04:53.343  INFO 1808 --- [  restartedMain] c.n.d.s.r.aws.ConfigClusterResolver      : Resolving eureka endpoints via configuration
2023-02-20 11:04:53.374  INFO 1808 --- [  restartedMain] com.netflix.discovery.DiscoveryClient    : Disable delta property : false
2023-02-20 11:04:53.374  INFO 1808 --- [  restartedMain] com.netflix.discovery.DiscoveryClient    : Single vip registry refresh property : null
2023-02-20 11:04:53.374  INFO 1808 --- [  restartedMain] com.netflix.discovery.DiscoveryClient    : Force full registry fetch : false
2023-02-20 11:04:53.374  INFO 1808 --- [  restartedMain] com.netflix.discovery.DiscoveryClient    : Application is null : false
2023-02-20 11:04:53.374  INFO 1808 --- [  restartedMain] com.netflix.discovery.DiscoveryClient    : Registered Applications size is zero : true
2023-02-20 11:04:53.374  INFO 1808 --- [  restartedMain] com.netflix.discovery.DiscoveryClient    : Application version is -1: true
2023-02-20 11:04:53.374  INFO 1808 --- [  restartedMain] com.netflix.discovery.DiscoveryClient    : Getting all instance registry info from the eureka server
2023-02-20 11:04:53.755  INFO 1808 --- [  restartedMain] com.netflix.discovery.DiscoveryClient    : The response status is 200
2023-02-20 11:04:53.755  INFO 1808 --- [  restartedMain] com.netflix.discovery.DiscoveryClient    : Starting heartbeat executor: renew interval is: 30
2023-02-20 11:04:53.755  INFO 1808 --- [  restartedMain] c.n.discovery.InstanceInfoReplicator     : InstanceInfoReplicator onDemand update allowed rate per min is 4
2023-02-20 11:04:53.771  INFO 1808 --- [  restartedMain] com.netflix.discovery.DiscoveryClient    : Discovery Client initialized at timestamp 1676891093771 with initial instances count: 1
2023-02-20 11:04:53.790  INFO 1808 --- [  restartedMain] o.s.c.n.e.s.EurekaServiceRegistry        : Registering application BUDGET-SERVICE with eureka with status UP
2023-02-20 11:04:53.791  INFO 1808 --- [  restartedMain] com.netflix.discovery.DiscoveryClient    : Saw local status change event StatusChangeEvent [timestamp=1676891093791, current=UP, previous=STARTING]
2023-02-20 11:04:53.791  INFO 1808 --- [nfoReplicator-0] com.netflix.discovery.DiscoveryClient    : DiscoveryClient_BUDGET-SERVICE/192.168.137.48:BUDGET-SERVICE:8087: registering service...
2023-02-20 11:04:53.848  INFO 1808 --- [  restartedMain] o.s.b.w.embedded.tomcat.TomcatWebServer  : Tomcat started on port(s): 8087 (http) with context path ''
2023-02-20 11:04:53.855  INFO 1808 --- [  restartedMain] .s.c.n.e.s.EurekaAutoServiceRegistration : Updating port to 8087
2023-02-20 11:04:53.886  INFO 1808 --- [nfoReplicator-0] com.netflix.discovery.DiscoveryClient    : DiscoveryClient_BUDGET-SERVICE/192.168.137.48:BUDGET-SERVICE:8087 - registration status: 204
2023-02-20 11:04:55.144  INFO 1808 --- [  restartedMain] c.b.BudgetServiceApplication             : Started BudgetServiceApplication in 21.621 seconds (JVM running for 25.563)
2023-02-20 11:06:30.140  INFO 1808 --- [nio-8087-exec-2] o.a.c.c.C.[Tomcat].[localhost].[/]       : Initializing Spring DispatcherServlet 'dispatcherServlet'
2023-02-20 11:06:30.141  INFO 1808 --- [nio-8087-exec-2] o.s.web.servlet.DispatcherServlet        : Initializing Servlet 'dispatcherServlet'
2023-02-20 11:06:30.146  INFO 1808 --- [nio-8087-exec-2] o.s.web.servlet.DispatcherServlet        : Completed initialization in 5 ms
2023-02-20 11:09:53.401  INFO 1808 --- [trap-executor-0] c.n.d.s.r.aws.ConfigClusterResolver      : Resolving eureka endpoints via configuration
